[ 2018-04-21T00:00:06+08:00 ] ::1 /agri/
INFO: [ app_init ] --START--
INFO: Run Behavior\BuildLiteBehavior [ RunTime:0.000000s ]
INFO: Run Common\Behavior\InitHookBehavior [ RunTime:0.017001s ]
INFO: [ app_init ] --END-- [ RunTime:0.022002s ]
INFO: [ app_begin ] --START--
INFO: Run Behavior\ReadHtmlCacheBehavior [ RunTime:0.010001s ]
INFO: [ app_begin ] --END-- [ RunTime:0.011001s ]
SQL: SHOW COLUMNS FROM `a_config` [ RunTime:0.0200s ]
SQL: SELECT `type`,`name`,`value` FROM `a_config` WHERE `status` = 1  [ RunTime:0.0010s ]

[ 2018-04-21T00:00:31+08:00 ] ::1 /agri/
INFO: [ app_init ] --START--
INFO: Run Behavior\BuildLiteBehavior [ RunTime:0.000000s ]
INFO: Run Common\Behavior\InitHookBehavior [ RunTime:0.011001s ]
INFO: [ app_init ] --END-- [ RunTime:0.013001s ]
INFO: [ app_begin ] --START--
INFO: Run Behavior\ReadHtmlCacheBehavior [ RunTime:0.002000s ]
INFO: [ app_begin ] --END-- [ RunTime:0.002000s ]
SQL: SHOW COLUMNS FROM `a_config` [ RunTime:0.0130s ]
SQL: SELECT `type`,`name`,`value` FROM `a_config` WHERE `status` = 1  [ RunTime:0.0050s ]

[ 2018-04-21T00:01:24+08:00 ] ::1 /agri/
INFO: [ app_init ] --START--
INFO: Run Behavior\BuildLiteBehavior [ RunTime:0.001000s ]
INFO: Run Common\Behavior\InitHookBehavior [ RunTime:0.013000s ]
INFO: [ app_init ] --END-- [ RunTime:0.016001s ]
INFO: [ app_begin ] --START--
INFO: Run Behavior\ReadHtmlCacheBehavior [ RunTime:0.002000s ]
INFO: [ app_begin ] --END-- [ RunTime:0.002000s ]
SQL: SHOW COLUMNS FROM `a_config` [ RunTime:0.0130s ]
SQL: SELECT `type`,`name`,`value` FROM `a_config` WHERE `status` = 1  [ RunTime:0.0010s ]

[ 2018-04-21T00:01:25+08:00 ] ::1 /agri/
INFO: [ app_init ] --START--
INFO: Run Behavior\BuildLiteBehavior [ RunTime:0.000000s ]
INFO: Run Common\Behavior\InitHookBehavior [ RunTime:0.009001s ]
INFO: [ app_init ] --END-- [ RunTime:0.011001s ]
INFO: [ app_begin ] --START--
INFO: Run Behavior\ReadHtmlCacheBehavior [ RunTime:0.006001s ]
INFO: [ app_begin ] --END-- [ RunTime:0.006001s ]
SQL: SHOW COLUMNS FROM `a_config` [ RunTime:0.0110s ]
SQL: SELECT `type`,`name`,`value` FROM `a_config` WHERE `status` = 1  [ RunTime:0.0050s ]

[ 2018-04-21T00:02:37+08:00 ] ::1 /agri/
INFO: [ app_init ] --START--
INFO: Run Behavior\BuildLiteBehavior [ RunTime:0.004000s ]
INFO: Run Common\Behavior\InitHookBehavior [ RunTime:0.018001s ]
INFO: [ app_init ] --END-- [ RunTime:0.025001s ]
INFO: [ app_begin ] --START--
INFO: Run Behavior\ReadHtmlCacheBehavior [ RunTime:0.005000s ]
INFO: [ app_begin ] --END-- [ RunTime:0.005000s ]
SQL: SHOW COLUMNS FROM `a_config` [ RunTime:0.0170s ]
SQL: SELECT `type`,`name`,`value` FROM `a_config` WHERE `status` = 1  [ RunTime:0.0060s ]

[ 2018-04-21T00:10:09+08:00 ] ::1 /agri/
INFO: [ app_init ] --START--
INFO: Run Behavior\BuildLiteBehavior [ RunTime:0.000000s ]
INFO: Run Common\Behavior\InitHookBehavior [ RunTime:0.016000s ]
INFO: [ app_init ] --END-- [ RunTime:0.020001s ]
INFO: [ app_begin ] --START--
INFO: Run Behavior\ReadHtmlCacheBehavior [ RunTime:0.004000s ]
INFO: [ app_begin ] --END-- [ RunTime:0.004000s ]
SQL: SHOW COLUMNS FROM `a_config` [ RunTime:0.0140s ]
SQL: SELECT `type`,`name`,`value` FROM `a_config` WHERE `status` = 1  [ RunTime:0.0060s ]

[ 2018-04-21T00:10:21+08:00 ] ::1 /agri/
INFO: [ app_init ] --START--
INFO: Run Behavior\BuildLiteBehavior [ RunTime:0.000000s ]
INFO: Run Common\Behavior\InitHookBehavior [ RunTime:0.009000s ]
INFO: [ app_init ] --END-- [ RunTime:0.012001s ]
INFO: [ app_begin ] --START--
INFO: Run Behavior\ReadHtmlCacheBehavior [ RunTime:0.003000s ]
INFO: [ app_begin ] --END-- [ RunTime:0.004000s ]
SQL: SHOW COLUMNS FROM `a_config` [ RunTime:0.0170s ]
SQL: SELECT `type`,`name`,`value` FROM `a_config` WHERE `status` = 1  [ RunTime:0.0040s ]

[ 2018-04-21T00:23:53+08:00 ] ::1 /agri/
INFO: [ app_init ] --START--
INFO: Run Behavior\BuildLiteBehavior [ RunTime:0.000000s ]
INFO: Run Common\Behavior\InitHookBehavior [ RunTime:0.022001s ]
INFO: [ app_init ] --END-- [ RunTime:0.025001s ]
INFO: [ app_begin ] --START--
INFO: Run Behavior\ReadHtmlCacheBehavior [ RunTime:0.003000s ]
INFO: [ app_begin ] --END-- [ RunTime:0.003000s ]
SQL: SHOW COLUMNS FROM `a_config` [ RunTime:0.0130s ]
SQL: SELECT `type`,`name`,`value` FROM `a_config` WHERE `status` = 1  [ RunTime:0.0040s ]
ERR: Could not find file '/autoload.php'. It is generated by Composer. Use 'install --prefer-source' or 'update --prefer-source' Composer commands to move forward.

[ 2018-04-21T00:30:36+08:00 ] ::1 /agri/
INFO: [ app_init ] --START--
INFO: Run Behavior\BuildLiteBehavior [ RunTime:0.000000s ]
INFO: Run Common\Behavior\InitHookBehavior [ RunTime:0.017001s ]
INFO: [ app_init ] --END-- [ RunTime:0.021001s ]
INFO: [ app_begin ] --START--
INFO: Run Behavior\ReadHtmlCacheBehavior [ RunTime:0.004000s ]
INFO: [ app_begin ] --END-- [ RunTime:0.005000s ]
SQL: SHOW COLUMNS FROM `a_config` [ RunTime:0.0120s ]
SQL: SELECT `type`,`name`,`value` FROM `a_config` WHERE `status` = 1  [ RunTime:0.0070s ]
ERR: Could not find file '/autoload.php'. It is generated by Composer. Use 'install --prefer-source' or 'update --prefer-source' Composer commands to move forward.

[ 2018-04-21T00:30:37+08:00 ] ::1 /agri/
INFO: [ app_init ] --START--
INFO: Run Behavior\BuildLiteBehavior [ RunTime:0.000000s ]
INFO: Run Common\Behavior\InitHookBehavior [ RunTime:0.008001s ]
INFO: [ app_init ] --END-- [ RunTime:0.011001s ]
INFO: [ app_begin ] --START--
INFO: Run Behavior\ReadHtmlCacheBehavior [ RunTime:0.002000s ]
INFO: [ app_begin ] --END-- [ RunTime:0.002000s ]
SQL: SHOW COLUMNS FROM `a_config` [ RunTime:0.0140s ]
SQL: SELECT `type`,`name`,`value` FROM `a_config` WHERE `status` = 1  [ RunTime:0.0050s ]
ERR: Could not find file '/autoload.php'. It is generated by Composer. Use 'install --prefer-source' or 'update --prefer-source' Composer commands to move forward.

[ 2018-04-21T00:35:45+08:00 ] ::1 /agri/
INFO: [ app_init ] --START--
INFO: Run Behavior\BuildLiteBehavior [ RunTime:0.001000s ]
INFO: Run Common\Behavior\InitHookBehavior [ RunTime:0.028002s ]
INFO: [ app_init ] --END-- [ RunTime:0.031002s ]
INFO: [ app_begin ] --START--
INFO: Run Behavior\ReadHtmlCacheBehavior [ RunTime:0.009001s ]
INFO: [ app_begin ] --END-- [ RunTime:0.010001s ]
SQL: SHOW COLUMNS FROM `a_config` [ RunTime:0.0220s ]
SQL: SELECT `type`,`name`,`value` FROM `a_config` WHERE `status` = 1  [ RunTime:0.0040s ]

[ 2018-04-21T00:35:56+08:00 ] ::1 /agri/
INFO: [ app_init ] --START--
INFO: Run Behavior\BuildLiteBehavior [ RunTime:0.000000s ]
INFO: Run Common\Behavior\InitHookBehavior [ RunTime:0.050003s ]
INFO: [ app_init ] --END-- [ RunTime:0.054003s ]
INFO: [ app_begin ] --START--
INFO: Run Behavior\ReadHtmlCacheBehavior [ RunTime:0.010000s ]
INFO: [ app_begin ] --END-- [ RunTime:0.010000s ]
SQL: SHOW COLUMNS FROM `a_config` [ RunTime:0.0150s ]
SQL: SELECT `type`,`name`,`value` FROM `a_config` WHERE `status` = 1  [ RunTime:0.0060s ]
ERR: Could not find file '/autoload.php'. It is generated by Composer. Use 'install --prefer-source' or 'update --prefer-source' Composer commands to move forward.

[ 2018-04-21T00:36:31+08:00 ] ::1 /agri/
INFO: [ app_init ] --START--
INFO: Run Behavior\BuildLiteBehavior [ RunTime:0.000000s ]
INFO: Run Common\Behavior\InitHookBehavior [ RunTime:0.014001s ]
INFO: [ app_init ] --END-- [ RunTime:0.016001s ]
INFO: [ app_begin ] --START--
INFO: Run Behavior\ReadHtmlCacheBehavior [ RunTime:0.002000s ]
INFO: [ app_begin ] --END-- [ RunTime:0.002000s ]
SQL: SHOW COLUMNS FROM `a_config` [ RunTime:0.0120s ]
SQL: SELECT `type`,`name`,`value` FROM `a_config` WHERE `status` = 1  [ RunTime:0.0050s ]
ERR: Could not find file '/autoload.php'. It is generated by Composer. Use 'install --prefer-source' or 'update --prefer-source' Composer commands to move forward.

[ 2018-04-21T00:40:14+08:00 ] ::1 /agri/
INFO: [ app_init ] --START--
INFO: Run Behavior\BuildLiteBehavior [ RunTime:0.000000s ]
INFO: Run Common\Behavior\InitHookBehavior [ RunTime:0.018001s ]
INFO: [ app_init ] --END-- [ RunTime:0.020001s ]
INFO: [ app_begin ] --START--
INFO: Run Behavior\ReadHtmlCacheBehavior [ RunTime:0.003000s ]
INFO: [ app_begin ] --END-- [ RunTime:0.003000s ]
SQL: SHOW COLUMNS FROM `a_config` [ RunTime:0.0150s ]
SQL: SELECT `type`,`name`,`value` FROM `a_config` WHERE `status` = 1  [ RunTime:0.0020s ]

[ 2018-04-21T00:46:14+08:00 ] ::1 /agri/
INFO: [ app_init ] --START--
INFO: Run Behavior\BuildLiteBehavior [ RunTime:0.000000s ]
INFO: Run Common\Behavior\InitHookBehavior [ RunTime:0.017001s ]
INFO: [ app_init ] --END-- [ RunTime:0.019001s ]
INFO: [ app_begin ] --START--
INFO: Run Behavior\ReadHtmlCacheBehavior [ RunTime:0.004000s ]
INFO: [ app_begin ] --END-- [ RunTime:0.005000s ]
SQL: SHOW COLUMNS FROM `a_config` [ RunTime:0.0120s ]
SQL: SELECT `type`,`name`,`value` FROM `a_config` WHERE `status` = 1  [ RunTime:0.0040s ]

[ 2018-04-21T00:46:50+08:00 ] ::1 /agri/
INFO: [ app_init ] --START--
INFO: Run Behavior\BuildLiteBehavior [ RunTime:0.000000s ]
INFO: Run Common\Behavior\InitHookBehavior [ RunTime:0.009001s ]
INFO: [ app_init ] --END-- [ RunTime:0.012001s ]
INFO: [ app_begin ] --START--
INFO: Run Behavior\ReadHtmlCacheBehavior [ RunTime:0.002000s ]
INFO: [ app_begin ] --END-- [ RunTime:0.002000s ]
SQL: SHOW COLUMNS FROM `a_config` [ RunTime:0.0330s ]
SQL: SELECT `type`,`name`,`value` FROM `a_config` WHERE `status` = 1  [ RunTime:0.0080s ]

[ 2018-04-21T00:48:57+08:00 ] ::1 /agri/
INFO: [ app_init ] --START--
INFO: Run Behavior\BuildLiteBehavior [ RunTime:0.000000s ]
INFO: Run Common\Behavior\InitHookBehavior [ RunTime:0.016001s ]
INFO: [ app_init ] --END-- [ RunTime:0.022001s ]
INFO: [ app_begin ] --START--
INFO: Run Behavior\ReadHtmlCacheBehavior [ RunTime:0.003000s ]
INFO: [ app_begin ] --END-- [ RunTime:0.003000s ]
SQL: SHOW COLUMNS FROM `a_config` [ RunTime:0.0140s ]
SQL: SELECT `type`,`name`,`value` FROM `a_config` WHERE `status` = 1  [ RunTime:0.0050s ]
ERR: Could not find file '/autoload.php'. It is generated by Composer. Use 'install --prefer-source' or 'update --prefer-source' Composer commands to move forward.

[ 2018-04-21T01:04:45+08:00 ] ::1 /agri/
INFO: [ app_init ] --START--
INFO: Run Behavior\BuildLiteBehavior [ RunTime:0.000000s ]
INFO: Run Common\Behavior\InitHookBehavior [ RunTime:0.019001s ]
INFO: [ app_init ] --END-- [ RunTime:0.022001s ]
INFO: [ app_begin ] --START--
INFO: Run Behavior\ReadHtmlCacheBehavior [ RunTime:0.003000s ]
INFO: [ app_begin ] --END-- [ RunTime:0.004000s ]
SQL: SHOW COLUMNS FROM `a_config` [ RunTime:0.0180s ]
SQL: SELECT `type`,`name`,`value` FROM `a_config` WHERE `status` = 1  [ RunTime:0.0060s ]
ERR: Could not find file 'E:\web\Apache24\htdocs\agri\ThinkPHP\Library\Vendor/autoload.php'. It is generated by Composer. Use 'install --prefer-source' or 'update --prefer-source' Composer commands to move forward.

[ 2018-04-21T01:05:52+08:00 ] ::1 /agri/
INFO: [ app_init ] --START--
INFO: Run Behavior\BuildLiteBehavior [ RunTime:0.000000s ]
INFO: Run Common\Behavior\InitHookBehavior [ RunTime:0.016000s ]
INFO: [ app_init ] --END-- [ RunTime:0.019001s ]
INFO: [ app_begin ] --START--
INFO: Run Behavior\ReadHtmlCacheBehavior [ RunTime:0.003000s ]
INFO: [ app_begin ] --END-- [ RunTime:0.003000s ]
SQL: SHOW COLUMNS FROM `a_config` [ RunTime:0.0140s ]
SQL: SELECT `type`,`name`,`value` FROM `a_config` WHERE `status` = 1  [ RunTime:0.0060s ]
ERR: Could not find file 'E:\web\Apache24\htdocs\agri\ThinkPHP\Library\Vendor/autoload.php'. It is generated by Composer. Use 'install --prefer-source' or 'update --prefer-source' Composer commands to move forward.

[ 2018-04-21T01:05:54+08:00 ] ::1 /agri/
INFO: [ app_init ] --START--
INFO: Run Behavior\BuildLiteBehavior [ RunTime:0.000000s ]
INFO: Run Common\Behavior\InitHookBehavior [ RunTime:0.009000s ]
INFO: [ app_init ] --END-- [ RunTime:0.010000s ]
INFO: [ app_begin ] --START--
INFO: Run Behavior\ReadHtmlCacheBehavior [ RunTime:0.003000s ]
INFO: [ app_begin ] --END-- [ RunTime:0.003000s ]
SQL: SHOW COLUMNS FROM `a_config` [ RunTime:0.0180s ]
SQL: SELECT `type`,`name`,`value` FROM `a_config` WHERE `status` = 1  [ RunTime:0.0020s ]
ERR: Could not find file 'E:\web\Apache24\htdocs\agri\ThinkPHP\Library\Vendor/autoload.php'. It is generated by Composer. Use 'install --prefer-source' or 'update --prefer-source' Composer commands to move forward.

[ 2018-04-21T01:06:16+08:00 ] ::1 /agri/
INFO: [ app_init ] --START--
INFO: Run Behavior\BuildLiteBehavior [ RunTime:0.000000s ]
INFO: Run Common\Behavior\InitHookBehavior [ RunTime:0.011000s ]
INFO: [ app_init ] --END-- [ RunTime:0.013000s ]
INFO: [ app_begin ] --START--
INFO: Run Behavior\ReadHtmlCacheBehavior [ RunTime:0.003000s ]
INFO: [ app_begin ] --END-- [ RunTime:0.003000s ]
SQL: SHOW COLUMNS FROM `a_config` [ RunTime:0.0130s ]
SQL: SELECT `type`,`name`,`value` FROM `a_config` WHERE `status` = 1  [ RunTime:0.0050s ]
ERR: Could not find file 'E:\web\Apache24\htdocs\agri\ThinkPHP\Library\Vendor/autoload.php'. It is generated by Composer. Use 'install --prefer-source' or 'update --prefer-source' Composer commands to move forward.

[ 2018-04-21T01:06:17+08:00 ] ::1 /agri/
INFO: [ app_init ] --START--
INFO: Run Behavior\BuildLiteBehavior [ RunTime:0.001000s ]
INFO: Run Common\Behavior\InitHookBehavior [ RunTime:0.012000s ]
INFO: [ app_init ] --END-- [ RunTime:0.014000s ]
INFO: [ app_begin ] --START--
INFO: Run Behavior\ReadHtmlCacheBehavior [ RunTime:0.002000s ]
INFO: [ app_begin ] --END-- [ RunTime:0.003000s ]
SQL: SHOW COLUMNS FROM `a_config` [ RunTime:0.0150s ]
SQL: SELECT `type`,`name`,`value` FROM `a_config` WHERE `status` = 1  [ RunTime:0.0050s ]
ERR: Could not find file 'E:\web\Apache24\htdocs\agri\ThinkPHP\Library\Vendor/autoload.php'. It is generated by Composer. Use 'install --prefer-source' or 'update --prefer-source' Composer commands to move forward.

[ 2018-04-21T01:06:35+08:00 ] ::1 /agri/
INFO: [ app_init ] --START--
INFO: Run Behavior\BuildLiteBehavior [ RunTime:0.000000s ]
INFO: Run Common\Behavior\InitHookBehavior [ RunTime:0.018001s ]
INFO: [ app_init ] --END-- [ RunTime:0.021001s ]
INFO: [ app_begin ] --START--
INFO: Run Behavior\ReadHtmlCacheBehavior [ RunTime:0.003000s ]
INFO: [ app_begin ] --END-- [ RunTime:0.003000s ]
SQL: SHOW COLUMNS FROM `a_config` [ RunTime:0.0120s ]
SQL: SELECT `type`,`name`,`value` FROM `a_config` WHERE `status` = 1  [ RunTime:0.0050s ]

[ 2018-04-21T01:07:33+08:00 ] ::1 /agri/
INFO: [ app_init ] --START--
INFO: Run Behavior\BuildLiteBehavior [ RunTime:0.001000s ]
INFO: Run Common\Behavior\InitHookBehavior [ RunTime:0.017001s ]
INFO: [ app_init ] --END-- [ RunTime:0.020002s ]
INFO: [ app_begin ] --START--
INFO: Run Behavior\ReadHtmlCacheBehavior [ RunTime:0.004000s ]
INFO: [ app_begin ] --END-- [ RunTime:0.004000s ]
SQL: SHOW COLUMNS FROM `a_config` [ RunTime:0.0140s ]
SQL: SELECT `type`,`name`,`value` FROM `a_config` WHERE `status` = 1  [ RunTime:0.0060s ]
ERR: Could not find file 'E:\web\Apache24\htdocs\agri\ThinkPHP\Library\Vendor/autoload.php'. It is generated by Composer. Use 'install --prefer-source' or 'update --prefer-source' Composer commands to move forward.

[ 2018-04-21T01:07:54+08:00 ] ::1 /agri/
INFO: [ app_init ] --START--
INFO: Run Behavior\BuildLiteBehavior [ RunTime:0.000000s ]
INFO: Run Common\Behavior\InitHookBehavior [ RunTime:0.012001s ]
INFO: [ app_init ] --END-- [ RunTime:0.015001s ]
INFO: [ app_begin ] --START--
INFO: Run Behavior\ReadHtmlCacheBehavior [ RunTime:0.002000s ]
INFO: [ app_begin ] --END-- [ RunTime:0.002000s ]
SQL: SHOW COLUMNS FROM `a_config` [ RunTime:0.0140s ]
SQL: SELECT `type`,`name`,`value` FROM `a_config` WHERE `status` = 1  [ RunTime:0.0030s ]
NOTIC: [2] require_once(E:\web\Apache24\htdocs\agri\ThinkPHP\Library\Vendor\phpoffice/composer/autoload_real.php): failed to open stream: No such file or directory E:\web\Apache24\htdocs\agri\ThinkPHP\Library\Vendor\phpoffice\autoload.php 第 5 行.

[ 2018-04-21T01:17:44+08:00 ] ::1 /agri/
INFO: [ app_init ] --START--
INFO: Run Behavior\BuildLiteBehavior [ RunTime:0.000000s ]
INFO: Run Common\Behavior\InitHookBehavior [ RunTime:0.017001s ]
INFO: [ app_init ] --END-- [ RunTime:0.023001s ]
INFO: [ app_begin ] --START--
INFO: Run Behavior\ReadHtmlCacheBehavior [ RunTime:0.004000s ]
INFO: [ app_begin ] --END-- [ RunTime:0.004000s ]
SQL: SHOW COLUMNS FROM `a_config` [ RunTime:0.0140s ]
SQL: SELECT `type`,`name`,`value` FROM `a_config` WHERE `status` = 1  [ RunTime:0.0040s ]

[ 2018-04-21T01:18:27+08:00 ] ::1 /agri/
INFO: [ app_init ] --START--
INFO: Run Behavior\BuildLiteBehavior [ RunTime:0.000000s ]
INFO: Run Common\Behavior\InitHookBehavior [ RunTime:0.007001s ]
INFO: [ app_init ] --END-- [ RunTime:0.010001s ]
INFO: [ app_begin ] --START--
INFO: Run Behavior\ReadHtmlCacheBehavior [ RunTime:0.002000s ]
INFO: [ app_begin ] --END-- [ RunTime:0.002000s ]
SQL: SHOW COLUMNS FROM `a_config` [ RunTime:0.0140s ]
SQL: SELECT `type`,`name`,`value` FROM `a_config` WHERE `status` = 1  [ RunTime:0.0060s ]

[ 2018-04-21T01:18:29+08:00 ] ::1 /agri/
INFO: [ app_init ] --START--
INFO: Run Behavior\BuildLiteBehavior [ RunTime:0.001000s ]
INFO: Run Common\Behavior\InitHookBehavior [ RunTime:0.011001s ]
INFO: [ app_init ] --END-- [ RunTime:0.013001s ]
INFO: [ app_begin ] --START--
INFO: Run Behavior\ReadHtmlCacheBehavior [ RunTime:0.002000s ]
INFO: [ app_begin ] --END-- [ RunTime:0.003000s ]
SQL: SHOW COLUMNS FROM `a_config` [ RunTime:0.0180s ]
SQL: SELECT `type`,`name`,`value` FROM `a_config` WHERE `status` = 1  [ RunTime:0.0080s ]

[ 2018-04-21T01:19:50+08:00 ] ::1 /agri/
INFO: [ app_init ] --START--
INFO: Run Behavior\BuildLiteBehavior [ RunTime:0.000000s ]
INFO: Run Common\Behavior\InitHookBehavior [ RunTime:0.019001s ]
INFO: [ app_init ] --END-- [ RunTime:0.022001s ]
INFO: [ app_begin ] --START--
INFO: Run Behavior\ReadHtmlCacheBehavior [ RunTime:0.003000s ]
INFO: [ app_begin ] --END-- [ RunTime:0.003000s ]
SQL: SHOW COLUMNS FROM `a_config` [ RunTime:0.0130s ]
SQL: SELECT `type`,`name`,`value` FROM `a_config` WHERE `status` = 1  [ RunTime:0.0040s ]

[ 2018-04-21T01:21:39+08:00 ] ::1 /agri/
INFO: [ app_init ] --START--
INFO: Run Behavior\BuildLiteBehavior [ RunTime:0.000000s ]
INFO: Run Common\Behavior\InitHookBehavior [ RunTime:0.015001s ]
INFO: [ app_init ] --END-- [ RunTime:0.016001s ]
INFO: [ app_begin ] --START--
INFO: Run Behavior\ReadHtmlCacheBehavior [ RunTime:0.002000s ]
INFO: [ app_begin ] --END-- [ RunTime:0.002000s ]
SQL: SHOW COLUMNS FROM `a_config` [ RunTime:0.0150s ]
SQL: SELECT `type`,`name`,`value` FROM `a_config` WHERE `status` = 1  [ RunTime:0.0050s ]

[ 2018-04-21T01:21:50+08:00 ] ::1 /agri/
INFO: [ app_init ] --START--
INFO: Run Behavior\BuildLiteBehavior [ RunTime:0.000000s ]
INFO: Run Common\Behavior\InitHookBehavior [ RunTime:0.012000s ]
INFO: [ app_init ] --END-- [ RunTime:0.013000s ]
INFO: [ app_begin ] --START--
INFO: Run Behavior\ReadHtmlCacheBehavior [ RunTime:0.002000s ]
INFO: [ app_begin ] --END-- [ RunTime:0.003000s ]
SQL: SHOW COLUMNS FROM `a_config` [ RunTime:0.0160s ]
SQL: SELECT `type`,`name`,`value` FROM `a_config` WHERE `status` = 1  [ RunTime:0.0020s ]

[ 2018-04-21T01:23:43+08:00 ] ::1 /agri/
INFO: [ app_init ] --START--
INFO: Run Behavior\BuildLiteBehavior [ RunTime:0.000000s ]
INFO: Run Common\Behavior\InitHookBehavior [ RunTime:0.023002s ]
INFO: [ app_init ] --END-- [ RunTime:0.026002s ]
INFO: [ app_begin ] --START--
INFO: Run Behavior\ReadHtmlCacheBehavior [ RunTime:0.003000s ]
INFO: [ app_begin ] --END-- [ RunTime:0.004000s ]
SQL: SHOW COLUMNS FROM `a_config` [ RunTime:0.0130s ]
SQL: SELECT `type`,`name`,`value` FROM `a_config` WHERE `status` = 1  [ RunTime:0.0050s ]

[ 2018-04-21T01:23:44+08:00 ] ::1 /agri/
INFO: [ app_init ] --START--
INFO: Run Behavior\BuildLiteBehavior [ RunTime:0.000000s ]
INFO: Run Common\Behavior\InitHookBehavior [ RunTime:0.010001s ]
INFO: [ app_init ] --END-- [ RunTime:0.015001s ]
INFO: [ app_begin ] --START--
INFO: Run Behavior\ReadHtmlCacheBehavior [ RunTime:0.002000s ]
INFO: [ app_begin ] --END-- [ RunTime:0.002000s ]
SQL: SHOW COLUMNS FROM `a_config` [ RunTime:0.0150s ]
SQL: SELECT `type`,`name`,`value` FROM `a_config` WHERE `status` = 1  [ RunTime:0.0090s ]

[ 2018-04-21T01:24:07+08:00 ] ::1 /agri/
INFO: [ app_init ] --START--
INFO: Run Behavior\BuildLiteBehavior [ RunTime:0.000000s ]
INFO: Run Common\Behavior\InitHookBehavior [ RunTime:0.009001s ]
INFO: [ app_init ] --END-- [ RunTime:0.012001s ]
INFO: [ app_begin ] --START--
INFO: Run Behavior\ReadHtmlCacheBehavior [ RunTime:0.003000s ]
INFO: [ app_begin ] --END-- [ RunTime:0.003000s ]
SQL: SHOW COLUMNS FROM `a_config` [ RunTime:0.0170s ]
SQL: SELECT `type`,`name`,`value` FROM `a_config` WHERE `status` = 1  [ RunTime:0.0020s ]

[ 2018-04-21T01:25:02+08:00 ] ::1 /agri/
INFO: [ app_init ] --START--
INFO: Run Behavior\BuildLiteBehavior [ RunTime:0.000000s ]
INFO: Run Common\Behavior\InitHookBehavior [ RunTime:0.013001s ]
INFO: [ app_init ] --END-- [ RunTime:0.015001s ]
INFO: [ app_begin ] --START--
INFO: Run Behavior\ReadHtmlCacheBehavior [ RunTime:0.002000s ]
INFO: [ app_begin ] --END-- [ RunTime:0.003000s ]
SQL: SHOW COLUMNS FROM `a_config` [ RunTime:0.0130s ]
SQL: SELECT `type`,`name`,`value` FROM `a_config` WHERE `status` = 1  [ RunTime:0.0080s ]

[ 2018-04-21T01:26:05+08:00 ] ::1 /agri/
INFO: [ app_init ] --START--
INFO: Run Behavior\BuildLiteBehavior [ RunTime:0.000000s ]
INFO: Run Common\Behavior\InitHookBehavior [ RunTime:0.024001s ]
INFO: [ app_init ] --END-- [ RunTime:0.032001s ]
INFO: [ app_begin ] --START--
INFO: Run Behavior\ReadHtmlCacheBehavior [ RunTime:0.004001s ]
INFO: [ app_begin ] --END-- [ RunTime:0.004001s ]
SQL: SHOW COLUMNS FROM `a_config` [ RunTime:0.0120s ]
SQL: SELECT `type`,`name`,`value` FROM `a_config` WHERE `status` = 1  [ RunTime:0.0040s ]

[ 2018-04-21T01:26:06+08:00 ] ::1 /agri/
INFO: [ app_init ] --START--
INFO: Run Behavior\BuildLiteBehavior [ RunTime:0.000000s ]
INFO: Run Common\Behavior\InitHookBehavior [ RunTime:0.012001s ]
INFO: [ app_init ] --END-- [ RunTime:0.014001s ]
INFO: [ app_begin ] --START--
INFO: Run Behavior\ReadHtmlCacheBehavior [ RunTime:0.006000s ]
INFO: [ app_begin ] --END-- [ RunTime:0.007000s ]
SQL: SHOW COLUMNS FROM `a_config` [ RunTime:0.0140s ]
SQL: SELECT `type`,`name`,`value` FROM `a_config` WHERE `status` = 1  [ RunTime:0.0050s ]

[ 2018-04-21T01:27:13+08:00 ] ::1 /agri/
INFO: [ app_init ] --START--
INFO: Run Behavior\BuildLiteBehavior [ RunTime:0.000000s ]
INFO: Run Common\Behavior\InitHookBehavior [ RunTime:0.009000s ]
INFO: [ app_init ] --END-- [ RunTime:0.011000s ]
INFO: [ app_begin ] --START--
INFO: Run Behavior\ReadHtmlCacheBehavior [ RunTime:0.003000s ]
INFO: [ app_begin ] --END-- [ RunTime:0.003000s ]
SQL: SHOW COLUMNS FROM `a_config` [ RunTime:0.0170s ]
SQL: SELECT `type`,`name`,`value` FROM `a_config` WHERE `status` = 1  [ RunTime:0.0030s ]

[ 2018-04-21T01:28:39+08:00 ] ::1 /agri/
INFO: [ app_init ] --START--
INFO: Run Behavior\BuildLiteBehavior [ RunTime:0.000000s ]
INFO: Run Common\Behavior\InitHookBehavior [ RunTime:0.016001s ]
INFO: [ app_init ] --END-- [ RunTime:0.019001s ]
INFO: [ app_begin ] --START--
INFO: Run Behavior\ReadHtmlCacheBehavior [ RunTime:0.004000s ]
INFO: [ app_begin ] --END-- [ RunTime:0.004000s ]
SQL: SHOW COLUMNS FROM `a_config` [ RunTime:0.0140s ]
SQL: SELECT `type`,`name`,`value` FROM `a_config` WHERE `status` = 1  [ RunTime:0.0040s ]

[ 2018-04-21T01:29:29+08:00 ] ::1 /agri/
INFO: [ app_init ] --START--
INFO: Run Behavior\BuildLiteBehavior [ RunTime:0.000000s ]
INFO: Run Common\Behavior\InitHookBehavior [ RunTime:0.013001s ]
INFO: [ app_init ] --END-- [ RunTime:0.015001s ]
INFO: [ app_begin ] --START--
INFO: Run Behavior\ReadHtmlCacheBehavior [ RunTime:0.002000s ]
INFO: [ app_begin ] --END-- [ RunTime:0.003000s ]
SQL: SHOW COLUMNS FROM `a_config` [ RunTime:0.0140s ]
SQL: SELECT `type`,`name`,`value` FROM `a_config` WHERE `status` = 1  [ RunTime:0.0060s ]

[ 2018-04-21T01:29:38+08:00 ] ::1 /agri/
INFO: [ app_init ] --START--
INFO: Run Behavior\BuildLiteBehavior [ RunTime:0.000000s ]
INFO: Run Common\Behavior\InitHookBehavior [ RunTime:0.009001s ]
INFO: [ app_init ] --END-- [ RunTime:0.012001s ]
INFO: [ app_begin ] --START--
INFO: Run Behavior\ReadHtmlCacheBehavior [ RunTime:0.002000s ]
INFO: [ app_begin ] --END-- [ RunTime:0.003000s ]
SQL: SHOW COLUMNS FROM `a_config` [ RunTime:0.0120s ]
SQL: SELECT `type`,`name`,`value` FROM `a_config` WHERE `status` = 1  [ RunTime:0.0060s ]

[ 2018-04-21T01:35:21+08:00 ] ::1 /agri/
INFO: [ app_init ] --START--
INFO: Run Behavior\BuildLiteBehavior [ RunTime:0.000000s ]
INFO: Run Common\Behavior\InitHookBehavior [ RunTime:0.016001s ]
INFO: [ app_init ] --END-- [ RunTime:0.021001s ]
INFO: [ app_begin ] --START--
INFO: Run Behavior\ReadHtmlCacheBehavior [ RunTime:0.004000s ]
INFO: [ app_begin ] --END-- [ RunTime:0.004000s ]
SQL: SHOW COLUMNS FROM `a_config` [ RunTime:0.0180s ]
SQL: SELECT `type`,`name`,`value` FROM `a_config` WHERE `status` = 1  [ RunTime:0.0050s ]

[ 2018-04-21T01:35:35+08:00 ] ::1 /agri/
INFO: [ app_init ] --START--
INFO: Run Behavior\BuildLiteBehavior [ RunTime:0.000000s ]
INFO: Run Common\Behavior\InitHookBehavior [ RunTime:0.030002s ]
INFO: [ app_init ] --END-- [ RunTime:0.033002s ]
INFO: [ app_begin ] --START--
INFO: Run Behavior\ReadHtmlCacheBehavior [ RunTime:0.004001s ]
INFO: [ app_begin ] --END-- [ RunTime:0.005001s ]
SQL: SHOW COLUMNS FROM `a_config` [ RunTime:0.0140s ]
SQL: SELECT `type`,`name`,`value` FROM `a_config` WHERE `status` = 1  [ RunTime:0.0060s ]

