[ 2018-04-20T22:22:26+08:00 ] ::1 /agri/
INFO: [ app_init ] --START--
INFO: Run Behavior\BuildLiteBehavior [ RunTime:0.000000s ]
INFO: Run Common\Behavior\InitHookBehavior [ RunTime:0.032001s ]
INFO: [ app_init ] --END-- [ RunTime:0.034002s ]
INFO: [ app_begin ] --START--
INFO: Run Behavior\ReadHtmlCacheBehavior [ RunTime:0.006001s ]
INFO: [ app_begin ] --END-- [ RunTime:0.007001s ]
SQL: SHOW COLUMNS FROM `a_config` [ RunTime:0.2540s ]
SQL: SELECT `type`,`name`,`value` FROM `a_config` WHERE `status` = 1  [ RunTime:0.0520s ]
SQL: SHOW COLUMNS FROM `a_category` [ RunTime:0.1030s ]
SQL: SELECT `id`,`name`,`title`,`pid`,`sort`,`list_row`,`meta_title`,`keywords`,`description`,`template_index`,`template_lists`,`template_detail`,`template_edit`,`model`,`model_sub`,`type`,`link_id`,`allow_publish`,`display`,`reply`,`check`,`reply_model`,`extend`,`create_time`,`update_time`,`status`,`icon`,`groups` FROM `a_category` WHERE `status` = 1 ORDER BY sort  [ RunTime:0.0130s ]
SQL: SHOW COLUMNS FROM `a_document` [ RunTime:0.0470s ]
SQL: SELECT `id`,`uid`,`name`,`title`,`category_id`,`group_id`,`description`,`root`,`pid`,`model_id`,`type`,`position`,`link_id`,`cover_id`,`display`,`deadline`,`attach`,`view`,`comment`,`extend`,`level`,`create_time`,`update_time`,`status` FROM `a_document` WHERE `status` = 1 AND `pid` = 0 AND `create_time` < 1524234144 AND ( deadline = 0 OR deadline > 1524234144 ) ORDER BY `id` DESC  [ RunTime:0.0080s ]
INFO: [ view_parse ] --START--
INFO: [ template_filter ] --START--
INFO: Run Behavior\ContentReplaceBehavior [ RunTime:0.000000s ]
INFO: [ template_filter ] --END-- [ RunTime:0.000000s ]
SQL: SHOW COLUMNS FROM `a_channel` [ RunTime:0.0610s ]
SQL: SELECT `id`,`pid`,`title`,`url`,`sort`,`create_time`,`update_time`,`status`,`target` FROM `a_channel` WHERE ( status=1 ) ORDER BY sort  [ RunTime:0.0050s ]
SQL: SELECT `id`,`name`,`title`,`pid`,`sort`,`list_row`,`meta_title`,`keywords`,`description`,`template_index`,`template_lists`,`template_detail`,`template_edit`,`model`,`model_sub`,`type`,`link_id`,`allow_publish`,`display`,`reply`,`check`,`reply_model`,`extend`,`create_time`,`update_time`,`status`,`icon`,`groups` FROM `a_category` WHERE `id` = 1 LIMIT 1   [ RunTime:0.0020s ]
SQL: SELECT `id`,`name`,`pid`,`title`,`link_id` FROM `a_category` WHERE `status` = 1 ORDER BY sort  [ RunTime:0.0020s ]
INFO: [ view_parse ] --START--
INFO: [ template_filter ] --START--
INFO: Run Behavior\ContentReplaceBehavior [ RunTime:0.000000s ]
INFO: [ template_filter ] --END-- [ RunTime:-0.106006s ]
INFO: Run Behavior\ParseTemplateBehavior [ RunTime:0.018001s ]
INFO: [ view_parse ] --END-- [ RunTime:0.019001s ]
INFO: [ view_filter ] --START--
INFO: Run Behavior\WriteHtmlCacheBehavior [ RunTime:0.005000s ]
INFO: [ view_filter ] --END-- [ RunTime:0.005000s ]
SQL: SELECT `id`,`name`,`title`,`pid`,`sort`,`list_row`,`meta_title`,`keywords`,`description`,`template_index`,`template_lists`,`template_detail`,`template_edit`,`model`,`model_sub`,`type`,`link_id`,`allow_publish`,`display`,`reply`,`check`,`reply_model`,`extend`,`create_time`,`update_time`,`status`,`icon`,`groups` FROM `a_category` WHERE `id` = 1 LIMIT 1   [ RunTime:0.0020s ]
SQL: SELECT `id`,`name`,`pid`,`title`,`link_id` FROM `a_category` WHERE `status` = 1 ORDER BY sort  [ RunTime:0.0010s ]
SQL: SELECT `id`,`uid`,`name`,`title`,`category_id`,`group_id`,`description`,`root`,`pid`,`model_id`,`type`,`position`,`link_id`,`cover_id`,`display`,`deadline`,`attach`,`view`,`comment`,`extend`,`level`,`create_time`,`update_time`,`status` FROM `a_document` WHERE `status` = 1 AND `pid` = 0 AND `category_id` IN ('1','2') AND `create_time` < 1524234144 AND ( deadline = 0 OR deadline > 1524234144 ) ORDER BY `level` DESC,`id` DESC LIMIT 0,10   [ RunTime:0.0010s ]
NOTIC: [8] Undefined index: lite E:\web\Apache24\htdocs\agri\ThinkPHP\Library\Think\Db.class.php 第 37 行.
SQL: SHOW COLUMNS FROM `a_category` [ RunTime:0.0200s ]
SQL: SELECT * FROM `a_category` WHERE `id` = 2 LIMIT 1   [ RunTime:0.0080s ]
INFO: Run Behavior\ParseTemplateBehavior [ RunTime:0.199011s ]
INFO: [ view_parse ] --END-- [ RunTime:0.019001s ]
INFO: [ view_filter ] --START--
INFO: Run Behavior\WriteHtmlCacheBehavior [ RunTime:0.000000s ]
INFO: [ view_filter ] --END-- [ RunTime:-0.175010s ]
INFO: [ app_end ] --START--
INFO: Run Behavior\ShowPageTraceBehavior [ RunTime:0.005001s ]
INFO: [ app_end ] --END-- [ RunTime:0.006001s ]

[ 2018-04-20T23:04:15+08:00 ] ::1 /agri/
INFO: [ app_init ] --START--
INFO: Run Behavior\BuildLiteBehavior [ RunTime:0.001000s ]
INFO: Run Common\Behavior\InitHookBehavior [ RunTime:0.017001s ]
INFO: [ app_init ] --END-- [ RunTime:0.019001s ]
INFO: [ app_begin ] --START--
INFO: Run Behavior\ReadHtmlCacheBehavior [ RunTime:0.005000s ]
INFO: [ app_begin ] --END-- [ RunTime:0.005000s ]
SQL: SHOW COLUMNS FROM `a_config` [ RunTime:0.0170s ]
SQL: SELECT `type`,`name`,`value` FROM `a_config` WHERE `status` = 1  [ RunTime:0.0040s ]

[ 2018-04-20T23:09:15+08:00 ] ::1 /agri/
INFO: [ app_init ] --START--
INFO: Run Behavior\BuildLiteBehavior [ RunTime:0.000000s ]
INFO: Run Common\Behavior\InitHookBehavior [ RunTime:0.019001s ]
INFO: [ app_init ] --END-- [ RunTime:0.021001s ]
INFO: [ app_begin ] --START--
INFO: Run Behavior\ReadHtmlCacheBehavior [ RunTime:0.004000s ]
INFO: [ app_begin ] --END-- [ RunTime:0.004000s ]
SQL: SHOW COLUMNS FROM `a_config` [ RunTime:0.0130s ]
SQL: SELECT `type`,`name`,`value` FROM `a_config` WHERE `status` = 1  [ RunTime:0.0040s ]

[ 2018-04-20T23:09:16+08:00 ] ::1 /agri/
INFO: [ app_init ] --START--
INFO: Run Behavior\BuildLiteBehavior [ RunTime:0.000000s ]
INFO: Run Common\Behavior\InitHookBehavior [ RunTime:0.009000s ]
INFO: [ app_init ] --END-- [ RunTime:0.014001s ]
INFO: [ app_begin ] --START--
INFO: Run Behavior\ReadHtmlCacheBehavior [ RunTime:0.002000s ]
INFO: [ app_begin ] --END-- [ RunTime:0.002000s ]
SQL: SHOW COLUMNS FROM `a_config` [ RunTime:0.0140s ]
SQL: SELECT `type`,`name`,`value` FROM `a_config` WHERE `status` = 1  [ RunTime:0.0040s ]

[ 2018-04-20T23:11:22+08:00 ] ::1 /agri/
INFO: [ app_init ] --START--
INFO: Run Behavior\BuildLiteBehavior [ RunTime:0.000000s ]
INFO: Run Common\Behavior\InitHookBehavior [ RunTime:0.012001s ]
INFO: [ app_init ] --END-- [ RunTime:0.014001s ]
INFO: [ app_begin ] --START--
INFO: Run Behavior\ReadHtmlCacheBehavior [ RunTime:0.003000s ]
INFO: [ app_begin ] --END-- [ RunTime:0.003000s ]
SQL: SHOW COLUMNS FROM `a_config` [ RunTime:0.0160s ]
SQL: SELECT `type`,`name`,`value` FROM `a_config` WHERE `status` = 1  [ RunTime:0.0100s ]

[ 2018-04-20T23:11:25+08:00 ] ::1 /agri/
INFO: [ app_init ] --START--
INFO: Run Behavior\BuildLiteBehavior [ RunTime:0.000000s ]
INFO: Run Common\Behavior\InitHookBehavior [ RunTime:0.060003s ]
INFO: [ app_init ] --END-- [ RunTime:0.066004s ]
INFO: [ app_begin ] --START--
INFO: Run Behavior\ReadHtmlCacheBehavior [ RunTime:0.002000s ]
INFO: [ app_begin ] --END-- [ RunTime:0.002000s ]
SQL: SHOW COLUMNS FROM `a_config` [ RunTime:0.0130s ]
SQL: SELECT `type`,`name`,`value` FROM `a_config` WHERE `status` = 1  [ RunTime:0.0090s ]

[ 2018-04-20T23:12:13+08:00 ] ::1 /agri/
INFO: [ app_init ] --START--
INFO: Run Behavior\BuildLiteBehavior [ RunTime:0.000000s ]
INFO: Run Common\Behavior\InitHookBehavior [ RunTime:0.028001s ]
INFO: [ app_init ] --END-- [ RunTime:0.031001s ]
INFO: [ app_begin ] --START--
INFO: Run Behavior\ReadHtmlCacheBehavior [ RunTime:0.006001s ]
INFO: [ app_begin ] --END-- [ RunTime:0.006001s ]
SQL: SHOW COLUMNS FROM `a_config` [ RunTime:0.0170s ]
SQL: SELECT `type`,`name`,`value` FROM `a_config` WHERE `status` = 1  [ RunTime:0.0010s ]

[ 2018-04-20T23:12:24+08:00 ] ::1 /agri/
INFO: [ app_init ] --START--
INFO: Run Behavior\BuildLiteBehavior [ RunTime:0.000000s ]
INFO: Run Common\Behavior\InitHookBehavior [ RunTime:0.012001s ]
INFO: [ app_init ] --END-- [ RunTime:0.014001s ]
INFO: [ app_begin ] --START--
INFO: Run Behavior\ReadHtmlCacheBehavior [ RunTime:0.003000s ]
INFO: [ app_begin ] --END-- [ RunTime:0.003000s ]
SQL: SHOW COLUMNS FROM `a_config` [ RunTime:0.0160s ]
SQL: SELECT `type`,`name`,`value` FROM `a_config` WHERE `status` = 1  [ RunTime:0.0030s ]

[ 2018-04-20T23:16:54+08:00 ] ::1 /agri/
INFO: [ app_init ] --START--
INFO: Run Behavior\BuildLiteBehavior [ RunTime:0.000000s ]
INFO: Run Common\Behavior\InitHookBehavior [ RunTime:0.016001s ]
INFO: [ app_init ] --END-- [ RunTime:0.018001s ]
INFO: [ app_begin ] --START--
INFO: Run Behavior\ReadHtmlCacheBehavior [ RunTime:0.003000s ]
INFO: [ app_begin ] --END-- [ RunTime:0.003000s ]
SQL: SHOW COLUMNS FROM `a_config` [ RunTime:0.0140s ]
SQL: SELECT `type`,`name`,`value` FROM `a_config` WHERE `status` = 1  [ RunTime:0.0040s ]

[ 2018-04-20T23:19:50+08:00 ] ::1 /agri/
INFO: [ app_init ] --START--
INFO: Run Behavior\BuildLiteBehavior [ RunTime:0.000000s ]
INFO: Run Common\Behavior\InitHookBehavior [ RunTime:0.017001s ]
INFO: [ app_init ] --END-- [ RunTime:0.019002s ]
INFO: [ app_begin ] --START--
INFO: Run Behavior\ReadHtmlCacheBehavior [ RunTime:0.007001s ]
INFO: [ app_begin ] --END-- [ RunTime:0.007001s ]
SQL: SHOW COLUMNS FROM `a_config` [ RunTime:0.0120s ]
SQL: SELECT `type`,`name`,`value` FROM `a_config` WHERE `status` = 1  [ RunTime:0.0050s ]
NOTIC: [2] require_once(Org.Util.PhpWord.IOFactory): failed to open stream: No such file or directory E:\web\Apache24\htdocs\agri\Application\Common\Controller\WordController.class.php 第 11 行.

[ 2018-04-20T23:20:33+08:00 ] ::1 /agri/
INFO: [ app_init ] --START--
INFO: Run Behavior\BuildLiteBehavior [ RunTime:0.000000s ]
INFO: Run Common\Behavior\InitHookBehavior [ RunTime:0.010000s ]
INFO: [ app_init ] --END-- [ RunTime:0.012000s ]
INFO: [ app_begin ] --START--
INFO: Run Behavior\ReadHtmlCacheBehavior [ RunTime:0.003000s ]
INFO: [ app_begin ] --END-- [ RunTime:0.003000s ]
SQL: SHOW COLUMNS FROM `a_config` [ RunTime:0.0130s ]
SQL: SELECT `type`,`name`,`value` FROM `a_config` WHERE `status` = 1  [ RunTime:0.0050s ]
NOTIC: [2] require_once(Org.Util.PhpWord.IOFactory.php): failed to open stream: No such file or directory E:\web\Apache24\htdocs\agri\Application\Common\Controller\WordController.class.php 第 11 行.

[ 2018-04-20T23:24:09+08:00 ] ::1 /agri/
INFO: [ app_init ] --START--
INFO: Run Behavior\BuildLiteBehavior [ RunTime:0.000000s ]
INFO: Run Common\Behavior\InitHookBehavior [ RunTime:0.029001s ]
INFO: [ app_init ] --END-- [ RunTime:0.032002s ]
INFO: [ app_begin ] --START--
INFO: Run Behavior\ReadHtmlCacheBehavior [ RunTime:0.004000s ]
INFO: [ app_begin ] --END-- [ RunTime:0.004000s ]
SQL: SHOW COLUMNS FROM `a_config` [ RunTime:0.0140s ]
SQL: SELECT `type`,`name`,`value` FROM `a_config` WHERE `status` = 1  [ RunTime:0.0050s ]

[ 2018-04-20T23:24:23+08:00 ] ::1 /agri/
INFO: [ app_init ] --START--
INFO: Run Behavior\BuildLiteBehavior [ RunTime:0.000000s ]
INFO: Run Common\Behavior\InitHookBehavior [ RunTime:0.019001s ]
INFO: [ app_init ] --END-- [ RunTime:0.021002s ]
INFO: [ app_begin ] --START--
INFO: Run Behavior\ReadHtmlCacheBehavior [ RunTime:0.004001s ]
INFO: [ app_begin ] --END-- [ RunTime:0.005001s ]
SQL: SHOW COLUMNS FROM `a_config` [ RunTime:0.0160s ]
SQL: SELECT `type`,`name`,`value` FROM `a_config` WHERE `status` = 1  [ RunTime:0.0020s ]

[ 2018-04-20T23:26:14+08:00 ] ::1 /agri/
INFO: [ app_init ] --START--
INFO: Run Behavior\BuildLiteBehavior [ RunTime:0.001000s ]
INFO: Run Common\Behavior\InitHookBehavior [ RunTime:0.034002s ]
INFO: [ app_init ] --END-- [ RunTime:0.037002s ]
INFO: [ app_begin ] --START--
INFO: Run Behavior\ReadHtmlCacheBehavior [ RunTime:0.004000s ]
INFO: [ app_begin ] --END-- [ RunTime:0.005000s ]
SQL: SHOW COLUMNS FROM `a_config` [ RunTime:0.0140s ]
SQL: SELECT `type`,`name`,`value` FROM `a_config` WHERE `status` = 1  [ RunTime:0.0030s ]

[ 2018-04-20T23:28:01+08:00 ] ::1 /agri/
INFO: [ app_init ] --START--
INFO: Run Behavior\BuildLiteBehavior [ RunTime:0.001000s ]
INFO: Run Common\Behavior\InitHookBehavior [ RunTime:0.029002s ]
INFO: [ app_init ] --END-- [ RunTime:0.031002s ]
INFO: [ app_begin ] --START--
INFO: Run Behavior\ReadHtmlCacheBehavior [ RunTime:0.014001s ]
INFO: [ app_begin ] --END-- [ RunTime:0.014001s ]
SQL: SHOW COLUMNS FROM `a_config` [ RunTime:0.0170s ]
SQL: SELECT `type`,`name`,`value` FROM `a_config` WHERE `status` = 1  [ RunTime:0.0040s ]

[ 2018-04-20T23:30:58+08:00 ] ::1 /agri/
INFO: [ app_init ] --START--
INFO: Run Behavior\BuildLiteBehavior [ RunTime:0.000000s ]
INFO: Run Common\Behavior\InitHookBehavior [ RunTime:0.037002s ]
INFO: [ app_init ] --END-- [ RunTime:0.045003s ]
INFO: [ app_begin ] --START--
INFO: Run Behavior\ReadHtmlCacheBehavior [ RunTime:0.009000s ]
INFO: [ app_begin ] --END-- [ RunTime:0.009000s ]
SQL: SHOW COLUMNS FROM `a_config` [ RunTime:0.0120s ]
SQL: SELECT `type`,`name`,`value` FROM `a_config` WHERE `status` = 1  [ RunTime:0.0040s ]

[ 2018-04-20T23:30:59+08:00 ] ::1 /agri/
INFO: [ app_init ] --START--
INFO: Run Behavior\BuildLiteBehavior [ RunTime:0.000000s ]
INFO: Run Common\Behavior\InitHookBehavior [ RunTime:0.023001s ]
INFO: [ app_init ] --END-- [ RunTime:0.028001s ]
INFO: [ app_begin ] --START--
INFO: Run Behavior\ReadHtmlCacheBehavior [ RunTime:0.004000s ]
INFO: [ app_begin ] --END-- [ RunTime:0.004000s ]
SQL: SHOW COLUMNS FROM `a_config` [ RunTime:0.0140s ]
SQL: SELECT `type`,`name`,`value` FROM `a_config` WHERE `status` = 1  [ RunTime:0.0060s ]

[ 2018-04-20T23:31:46+08:00 ] ::1 /agri/
INFO: [ app_init ] --START--
INFO: Run Behavior\BuildLiteBehavior [ RunTime:0.000000s ]
INFO: Run Common\Behavior\InitHookBehavior [ RunTime:0.023001s ]
INFO: [ app_init ] --END-- [ RunTime:0.027002s ]
INFO: [ app_begin ] --START--
INFO: Run Behavior\ReadHtmlCacheBehavior [ RunTime:0.007000s ]
INFO: [ app_begin ] --END-- [ RunTime:0.007000s ]
SQL: SHOW COLUMNS FROM `a_config` [ RunTime:0.0160s ]
SQL: SELECT `type`,`name`,`value` FROM `a_config` WHERE `status` = 1  [ RunTime:0.0030s ]

[ 2018-04-20T23:46:37+08:00 ] ::1 /agri/
INFO: [ app_init ] --START--
INFO: Run Behavior\BuildLiteBehavior [ RunTime:0.000000s ]
INFO: Run Common\Behavior\InitHookBehavior [ RunTime:0.021001s ]
INFO: [ app_init ] --END-- [ RunTime:0.025001s ]
INFO: [ app_begin ] --START--
INFO: Run Behavior\ReadHtmlCacheBehavior [ RunTime:0.004000s ]
INFO: [ app_begin ] --END-- [ RunTime:0.004000s ]
SQL: SHOW COLUMNS FROM `a_config` [ RunTime:0.0180s ]
SQL: SELECT `type`,`name`,`value` FROM `a_config` WHERE `status` = 1  [ RunTime:0.0050s ]

[ 2018-04-20T23:46:39+08:00 ] ::1 /agri/
INFO: [ app_init ] --START--
INFO: Run Behavior\BuildLiteBehavior [ RunTime:0.000000s ]
INFO: Run Common\Behavior\InitHookBehavior [ RunTime:0.019001s ]
INFO: [ app_init ] --END-- [ RunTime:0.022001s ]
INFO: [ app_begin ] --START--
INFO: Run Behavior\ReadHtmlCacheBehavior [ RunTime:0.004000s ]
INFO: [ app_begin ] --END-- [ RunTime:0.004000s ]
SQL: SHOW COLUMNS FROM `a_config` [ RunTime:0.0130s ]
SQL: SELECT `type`,`name`,`value` FROM `a_config` WHERE `status` = 1  [ RunTime:0.0040s ]

[ 2018-04-20T23:46:53+08:00 ] ::1 /agri/
INFO: [ app_init ] --START--
INFO: Run Behavior\BuildLiteBehavior [ RunTime:0.000000s ]
INFO: Run Common\Behavior\InitHookBehavior [ RunTime:0.026001s ]
INFO: [ app_init ] --END-- [ RunTime:0.029001s ]
INFO: [ app_begin ] --START--
INFO: Run Behavior\ReadHtmlCacheBehavior [ RunTime:0.004000s ]
INFO: [ app_begin ] --END-- [ RunTime:0.004000s ]
SQL: SHOW COLUMNS FROM `a_config` [ RunTime:0.0140s ]
SQL: SELECT `type`,`name`,`value` FROM `a_config` WHERE `status` = 1  [ RunTime:0.0030s ]

[ 2018-04-20T23:47:19+08:00 ] ::1 /agri/
INFO: [ app_init ] --START--
INFO: Run Behavior\BuildLiteBehavior [ RunTime:0.000000s ]
INFO: Run Common\Behavior\InitHookBehavior [ RunTime:0.015001s ]
INFO: [ app_init ] --END-- [ RunTime:0.017001s ]
INFO: [ app_begin ] --START--
INFO: Run Behavior\ReadHtmlCacheBehavior [ RunTime:0.004000s ]
INFO: [ app_begin ] --END-- [ RunTime:0.004000s ]
SQL: SHOW COLUMNS FROM `a_config` [ RunTime:0.0160s ]
SQL: SELECT `type`,`name`,`value` FROM `a_config` WHERE `status` = 1  [ RunTime:0.0020s ]

[ 2018-04-20T23:47:20+08:00 ] ::1 /agri/
INFO: [ app_init ] --START--
INFO: Run Behavior\BuildLiteBehavior [ RunTime:0.000000s ]
INFO: Run Common\Behavior\InitHookBehavior [ RunTime:0.022002s ]
INFO: [ app_init ] --END-- [ RunTime:0.031002s ]
INFO: [ app_begin ] --START--
INFO: Run Behavior\ReadHtmlCacheBehavior [ RunTime:0.003000s ]
INFO: [ app_begin ] --END-- [ RunTime:0.003000s ]
SQL: SHOW COLUMNS FROM `a_config` [ RunTime:0.0130s ]
SQL: SELECT `type`,`name`,`value` FROM `a_config` WHERE `status` = 1  [ RunTime:0.0050s ]

[ 2018-04-20T23:57:26+08:00 ] ::1 /agri/
INFO: [ app_init ] --START--
INFO: Run Behavior\BuildLiteBehavior [ RunTime:0.000000s ]
INFO: Run Common\Behavior\InitHookBehavior [ RunTime:0.021001s ]
INFO: [ app_init ] --END-- [ RunTime:0.023002s ]
INFO: [ app_begin ] --START--
INFO: Run Behavior\ReadHtmlCacheBehavior [ RunTime:0.008000s ]
INFO: [ app_begin ] --END-- [ RunTime:0.008000s ]
SQL: SHOW COLUMNS FROM `a_config` [ RunTime:0.0130s ]
SQL: SELECT `type`,`name`,`value` FROM `a_config` WHERE `status` = 1  [ RunTime:0.0080s ]
NOTIC: [2] require_once(PhpWordord.php): failed to open stream: No such file or directory E:\web\Apache24\htdocs\agri\Application\Common\Controller\WordController.class.php 第 13 行.

[ 2018-04-20T23:58:05+08:00 ] ::1 /agri/
INFO: [ app_init ] --START--
INFO: Run Behavior\BuildLiteBehavior [ RunTime:0.000000s ]
INFO: Run Common\Behavior\InitHookBehavior [ RunTime:0.023001s ]
INFO: [ app_init ] --END-- [ RunTime:0.025001s ]
INFO: [ app_begin ] --START--
INFO: Run Behavior\ReadHtmlCacheBehavior [ RunTime:0.003000s ]
INFO: [ app_begin ] --END-- [ RunTime:0.004000s ]
SQL: SHOW COLUMNS FROM `a_config` [ RunTime:0.0120s ]
SQL: SELECT `type`,`name`,`value` FROM `a_config` WHERE `status` = 1  [ RunTime:0.0050s ]
NOTIC: [2] require_once(Vendor\PhpWordord\PhpWordord.php): failed to open stream: No such file or directory E:\web\Apache24\htdocs\agri\Application\Common\Controller\WordController.class.php 第 13 行.

[ 2018-04-20T23:58:45+08:00 ] ::1 /agri/
INFO: [ app_init ] --START--
INFO: Run Behavior\BuildLiteBehavior [ RunTime:0.000000s ]
INFO: Run Common\Behavior\InitHookBehavior [ RunTime:0.010001s ]
INFO: [ app_init ] --END-- [ RunTime:0.012001s ]
INFO: [ app_begin ] --START--
INFO: Run Behavior\ReadHtmlCacheBehavior [ RunTime:0.002000s ]
INFO: [ app_begin ] --END-- [ RunTime:0.003000s ]
SQL: SHOW COLUMNS FROM `a_config` [ RunTime:0.0190s ]
SQL: SELECT `type`,`name`,`value` FROM `a_config` WHERE `status` = 1  [ RunTime:0.0030s ]
NOTIC: [8] Use of undefined constant VENDER_PATH - assumed 'VENDER_PATH' E:\web\Apache24\htdocs\agri\Application\Common\Controller\WordController.class.php 第 13 行.
NOTIC: [2] include_once(VENDER_PATH/PhpWord/PhpWord.php): failed to open stream: No such file or directory E:\web\Apache24\htdocs\agri\Application\Common\Controller\WordController.class.php 第 13 行.
NOTIC: [2] include_once(): Failed opening 'VENDER_PATH/PhpWord/PhpWord.php' for inclusion (include_path='.;C:\php\pear') E:\web\Apache24\htdocs\agri\Application\Common\Controller\WordController.class.php 第 13 行.

[ 2018-04-20T23:58:48+08:00 ] ::1 /agri/
INFO: [ app_init ] --START--
INFO: Run Behavior\BuildLiteBehavior [ RunTime:0.000000s ]
INFO: Run Common\Behavior\InitHookBehavior [ RunTime:0.008000s ]
INFO: [ app_init ] --END-- [ RunTime:0.010000s ]
INFO: [ app_begin ] --START--
INFO: Run Behavior\ReadHtmlCacheBehavior [ RunTime:0.003000s ]
INFO: [ app_begin ] --END-- [ RunTime:0.003000s ]
SQL: SHOW COLUMNS FROM `a_config` [ RunTime:0.0130s ]
SQL: SELECT `type`,`name`,`value` FROM `a_config` WHERE `status` = 1  [ RunTime:0.0050s ]
NOTIC: [8] Use of undefined constant VENDER_PATH - assumed 'VENDER_PATH' E:\web\Apache24\htdocs\agri\Application\Common\Controller\WordController.class.php 第 13 行.
NOTIC: [2] include_once(VENDER_PATH/PhpWord/PhpWord.php): failed to open stream: No such file or directory E:\web\Apache24\htdocs\agri\Application\Common\Controller\WordController.class.php 第 13 行.
NOTIC: [2] include_once(): Failed opening 'VENDER_PATH/PhpWord/PhpWord.php' for inclusion (include_path='.;C:\php\pear') E:\web\Apache24\htdocs\agri\Application\Common\Controller\WordController.class.php 第 13 行.

