[ 2018-04-20T18:19:31+08:00 ] ::1 /agri/admin.php
INFO: [ app_init ] --START--
INFO: Run Behavior\BuildLiteBehavior [ RunTime:0.000000s ]
SQL: SHOW COLUMNS FROM `a_hooks` [ RunTime:0.0140s ]
SQL: SELECT `name`,`addons` FROM `a_hooks`  [ RunTime:0.0040s ]
SQL: SHOW COLUMNS FROM `a_addons` [ RunTime:0.0140s ]
SQL: SELECT `id`,`name` FROM `a_addons` WHERE `status` = 1 AND `name` IN ('ReturnTop')  [ RunTime:0.0460s ]
SQL: SELECT `id`,`name` FROM `a_addons` WHERE `status` = 1 AND `name` IN ('Attachment')  [ RunTime:0.0010s ]
SQL: SELECT `id`,`name` FROM `a_addons` WHERE `status` = 1 AND `name` IN ('Attachment','SocialComment')  [ RunTime:0.0020s ]
SQL: SELECT `id`,`name` FROM `a_addons` WHERE `status` = 1 AND `name` IN ('Attachment')  [ RunTime:0.0010s ]
SQL: SELECT `id`,`name` FROM `a_addons` WHERE `status` = 1 AND `name` IN ('Editor')  [ RunTime:0.0010s ]
SQL: SELECT `id`,`name` FROM `a_addons` WHERE `status` = 1 AND `name` IN ('EditorForAdmin')  [ RunTime:0.0010s ]
SQL: SELECT `id`,`name` FROM `a_addons` WHERE `status` = 1 AND `name` IN ('SiteStat','SystemInfo','DevTeam')  [ RunTime:0.0240s ]
SQL: SELECT `id`,`name` FROM `a_addons` WHERE `status` = 1 AND `name` IN ('Editor')  [ RunTime:0.0010s ]
INFO: Run Common\Behavior\InitHookBehavior [ RunTime:0.211012s ]
INFO: [ app_init ] --END-- [ RunTime:0.213012s ]
INFO: [ app_begin ] --START--
INFO: Run Behavior\ReadHtmlCacheBehavior [ RunTime:0.002000s ]
INFO: [ app_begin ] --END-- [ RunTime:0.002000s ]

[ 2018-04-20T18:19:31+08:00 ] ::1 /agri/admin.php?s=/Public/login.html
INFO: [ app_init ] --START--
INFO: Run Behavior\BuildLiteBehavior [ RunTime:0.001000s ]
INFO: Run Common\Behavior\InitHookBehavior [ RunTime:0.016001s ]
INFO: [ app_init ] --END-- [ RunTime:0.018002s ]
INFO: [ app_begin ] --START--
INFO: Run Behavior\ReadHtmlCacheBehavior [ RunTime:0.002000s ]
INFO: [ app_begin ] --END-- [ RunTime:0.002000s ]
SQL: SHOW COLUMNS FROM `a_config` [ RunTime:0.0140s ]
SQL: SELECT `type`,`name`,`value` FROM `a_config` WHERE `status` = 1  [ RunTime:0.0030s ]
INFO: [ view_parse ] --START--
INFO: [ template_filter ] --START--
INFO: Run Behavior\ContentReplaceBehavior [ RunTime:0.000000s ]
INFO: [ template_filter ] --END-- [ RunTime:0.000000s ]
INFO: Run Behavior\ParseTemplateBehavior [ RunTime:0.032002s ]
INFO: [ view_parse ] --END-- [ RunTime:0.032002s ]
INFO: [ view_filter ] --START--
INFO: Run Behavior\WriteHtmlCacheBehavior [ RunTime:0.001000s ]
INFO: [ view_filter ] --END-- [ RunTime:0.001000s ]
INFO: [ app_end ] --START--
INFO: Run Behavior\ShowPageTraceBehavior [ RunTime:0.002000s ]
INFO: [ app_end ] --END-- [ RunTime:0.002000s ]

[ 2018-04-20T18:19:32+08:00 ] ::1 /agri/admin.php?s=/Public/verify.html
INFO: [ app_init ] --START--
INFO: Run Behavior\BuildLiteBehavior [ RunTime:0.000000s ]
INFO: Run Common\Behavior\InitHookBehavior [ RunTime:0.012001s ]
INFO: [ app_init ] --END-- [ RunTime:0.014001s ]
INFO: [ app_begin ] --START--
INFO: Run Behavior\ReadHtmlCacheBehavior [ RunTime:0.003001s ]
INFO: [ app_begin ] --END-- [ RunTime:0.003001s ]
INFO: [ app_end ] --START--
INFO: Run Behavior\ShowPageTraceBehavior [ RunTime:0.003000s ]
INFO: [ app_end ] --END-- [ RunTime:0.003000s ]

[ 2018-04-20T22:22:59+08:00 ] ::1 /agri/admin.php
INFO: [ app_init ] --START--
INFO: Run Behavior\BuildLiteBehavior [ RunTime:0.000000s ]
INFO: Run Common\Behavior\InitHookBehavior [ RunTime:0.015001s ]
INFO: [ app_init ] --END-- [ RunTime:0.022001s ]
INFO: [ app_begin ] --START--
INFO: Run Behavior\ReadHtmlCacheBehavior [ RunTime:0.003000s ]
INFO: [ app_begin ] --END-- [ RunTime:0.004000s ]

[ 2018-04-20T22:23:00+08:00 ] ::1 /agri/admin.php?s=/Public/login.html
INFO: [ app_init ] --START--
INFO: Run Behavior\BuildLiteBehavior [ RunTime:0.000000s ]
INFO: Run Common\Behavior\InitHookBehavior [ RunTime:0.008000s ]
INFO: [ app_init ] --END-- [ RunTime:0.009000s ]
INFO: [ app_begin ] --START--
INFO: Run Behavior\ReadHtmlCacheBehavior [ RunTime:0.002000s ]
INFO: [ app_begin ] --END-- [ RunTime:0.002000s ]
INFO: [ view_parse ] --START--
INFO: [ template_filter ] --START--
INFO: Run Behavior\ContentReplaceBehavior [ RunTime:0.000000s ]
INFO: [ template_filter ] --END-- [ RunTime:0.000000s ]
INFO: Run Behavior\ParseTemplateBehavior [ RunTime:0.030002s ]
INFO: [ view_parse ] --END-- [ RunTime:0.031002s ]
INFO: [ view_filter ] --START--
INFO: Run Behavior\WriteHtmlCacheBehavior [ RunTime:0.002000s ]
INFO: [ view_filter ] --END-- [ RunTime:0.004000s ]
INFO: [ app_end ] --START--
INFO: Run Behavior\ShowPageTraceBehavior [ RunTime:0.004001s ]
INFO: [ app_end ] --END-- [ RunTime:0.005001s ]

[ 2018-04-20T22:23:00+08:00 ] ::1 /agri/admin.php?s=/Public/verify.html
INFO: [ app_init ] --START--
INFO: Run Behavior\BuildLiteBehavior [ RunTime:0.000000s ]
INFO: Run Common\Behavior\InitHookBehavior [ RunTime:0.053003s ]
INFO: [ app_init ] --END-- [ RunTime:0.056003s ]
INFO: [ app_begin ] --START--
INFO: Run Behavior\ReadHtmlCacheBehavior [ RunTime:0.002000s ]
INFO: [ app_begin ] --END-- [ RunTime:0.002000s ]
INFO: [ app_end ] --START--
INFO: Run Behavior\ShowPageTraceBehavior [ RunTime:0.004000s ]
INFO: [ app_end ] --END-- [ RunTime:0.004000s ]

[ 2018-04-20T22:23:13+08:00 ] ::1 /agri/admin.php?s=/Public/login.html
INFO: [ app_init ] --START--
INFO: Run Behavior\BuildLiteBehavior [ RunTime:0.000000s ]
INFO: Run Common\Behavior\InitHookBehavior [ RunTime:0.020000s ]
INFO: [ app_init ] --END-- [ RunTime:0.020000s ]
INFO: [ app_begin ] --START--
INFO: Run Behavior\ReadHtmlCacheBehavior [ RunTime:0.000000s ]
INFO: [ app_begin ] --END-- [ RunTime:0.000000s ]
NOTIC: [8] Undefined index: lite E:\web\Apache24\htdocs\agri\ThinkPHP\Library\Think\Db.class.php 第 37 行.

[ 2018-04-20T22:23:13+08:00 ] ::1 /agri/admin.php?s=/Public/verify.html&random=0.6309468824679767
INFO: [ app_init ] --START--
INFO: Run Behavior\BuildLiteBehavior [ RunTime:0.000000s ]
INFO: Run Common\Behavior\InitHookBehavior [ RunTime:0.009000s ]
INFO: [ app_init ] --END-- [ RunTime:0.011000s ]
INFO: [ app_begin ] --START--
INFO: Run Behavior\ReadHtmlCacheBehavior [ RunTime:0.003000s ]
INFO: [ app_begin ] --END-- [ RunTime:0.003000s ]
INFO: [ app_end ] --START--
INFO: Run Behavior\ShowPageTraceBehavior [ RunTime:0.009001s ]
INFO: [ app_end ] --END-- [ RunTime:0.009001s ]

[ 2018-04-20T22:23:29+08:00 ] ::1 /agri/admin.php?s=/Public/login.html
INFO: [ app_init ] --START--
INFO: Run Behavior\BuildLiteBehavior [ RunTime:0.000000s ]
INFO: Run Common\Behavior\InitHookBehavior [ RunTime:0.010000s ]
INFO: [ app_init ] --END-- [ RunTime:0.010000s ]
INFO: [ app_begin ] --START--
INFO: Run Behavior\ReadHtmlCacheBehavior [ RunTime:0.000000s ]
INFO: [ app_begin ] --END-- [ RunTime:0.000000s ]
NOTIC: [8] Undefined index: lite E:\web\Apache24\htdocs\agri\ThinkPHP\Library\Think\Db.class.php 第 37 行.
SQL: SHOW COLUMNS FROM `a_member` [ RunTime:0.0680s ]
SQL: SELECT `uid`,`nickname`,`sex`,`birthday`,`qq`,`score`,`login`,`reg_ip`,`reg_time`,`last_login_ip`,`last_login_time`,`status` FROM `a_member` WHERE `uid` = 1 LIMIT 1   [ RunTime:0.0000s ]
SQL: SHOW COLUMNS FROM `a_action` [ RunTime:0.0870s ]
SQL: SELECT * FROM `a_action` WHERE `name` = 'user_login' LIMIT 1   [ RunTime:0.0030s ]
SQL: SHOW COLUMNS FROM `a_member` [ RunTime:0.0100s ]
SQL: SELECT `nickname` FROM `a_member` WHERE `uid` = 1 LIMIT 1   [ RunTime:0.0100s ]
SQL: SHOW COLUMNS FROM `a_action_log` [ RunTime:0.0550s ]
SQL: INSERT INTO `a_action_log` (`action_id`,`user_id`,`action_ip`,`model`,`record_id`,`create_time`,`remark`) VALUES ('1','1','0','member','1','1524234208','admin在2018-04-20 22:23登录了后台') [ RunTime:0.0050s ]
SQL: SELECT * FROM `a_action` WHERE `name` = 'user_login' LIMIT 1   [ RunTime:0.0010s ]
NOTIC: [8] Undefined offset: 1 E:\web\Apache24\htdocs\agri\Application\Common\Common\function.php 第 679 行.
NOTIC: [2] array_key_exists() expects parameter 2 to be array, null given E:\web\Apache24\htdocs\agri\Application\Common\Common\function.php 第 679 行.
SQL: SELECT COUNT(*) AS tp_count FROM `a_action_log` WHERE `action_id` = 1 AND `user_id` = 1 AND `create_time` > 1524147808 LIMIT 1   [ RunTime:0.0010s ]
SQL: UPDATE `a_member` SET `score`=score+10 WHERE ( uid=1 AND status>-1 ) [ RunTime:0.0020s ]
SQL: UPDATE `a_member` SET `login`=`login`+1,`last_login_time`='1524234208',`last_login_ip`='0' WHERE `uid` = 1 [ RunTime:0.0020s ]

[ 2018-04-20T22:23:29+08:00 ] ::1 /agri/admin.php?s=/Index/index.html
INFO: [ app_init ] --START--
INFO: Run Behavior\BuildLiteBehavior [ RunTime:0.000000s ]
INFO: Run Common\Behavior\InitHookBehavior [ RunTime:0.011000s ]
INFO: [ app_init ] --END-- [ RunTime:0.012000s ]
INFO: [ app_begin ] --START--
INFO: Run Behavior\ReadHtmlCacheBehavior [ RunTime:0.003000s ]
INFO: [ app_begin ] --END-- [ RunTime:0.003000s ]
SQL: SHOW COLUMNS FROM `a_menu` [ RunTime:0.0520s ]
SQL: SELECT `id`,`title`,`url` FROM `a_menu` WHERE `pid` = 0 AND `hide` = 0 ORDER BY sort asc  [ RunTime:0.0080s ]
SQL: SELECT `pid` FROM `a_menu` WHERE ( pid !=0 AND url like '%Index/index%' ) LIMIT 1   [ RunTime:0.0080s ]
INFO: [ view_parse ] --START--
INFO: [ template_filter ] --START--
INFO: Run Behavior\ContentReplaceBehavior [ RunTime:0.001000s ]
INFO: [ template_filter ] --END-- [ RunTime:0.001000s ]
INFO: [ AdminIndex ] --START--
SQL: SHOW COLUMNS FROM `a_addons` [ RunTime:0.0510s ]
SQL: SELECT `config` FROM `a_addons` WHERE `name` = 'SiteStat' AND `status` = 1 LIMIT 1   [ RunTime:0.0140s ]
SQL: SHOW COLUMNS FROM `a_member` [ RunTime:0.0120s ]
SQL: SELECT COUNT(*) AS tp_count FROM `a_member` LIMIT 1   [ RunTime:0.0040s ]
SQL: SHOW COLUMNS FROM `a_action_log` [ RunTime:0.0130s ]
SQL: SELECT COUNT(*) AS tp_count FROM `a_action_log` LIMIT 1   [ RunTime:0.0040s ]
SQL: SHOW COLUMNS FROM `a_document` [ RunTime:0.0140s ]
SQL: SELECT COUNT(*) AS tp_count FROM `a_document` LIMIT 1   [ RunTime:0.0030s ]
SQL: SHOW COLUMNS FROM `a_category` [ RunTime:0.0150s ]
SQL: SELECT COUNT(*) AS tp_count FROM `a_category` LIMIT 1   [ RunTime:0.0030s ]
SQL: SHOW COLUMNS FROM `a_model` [ RunTime:0.0230s ]
SQL: SELECT COUNT(*) AS tp_count FROM `a_model` LIMIT 1   [ RunTime:0.0040s ]
INFO: [ view_parse ] --START--
INFO: [ template_filter ] --START--
INFO: Run Behavior\ContentReplaceBehavior [ RunTime:0.000000s ]
INFO: [ template_filter ] --END-- [ RunTime:-0.203012s ]
INFO: Run Behavior\ParseTemplateBehavior [ RunTime:0.011000s ]
INFO: [ view_parse ] --END-- [ RunTime:0.012000s ]
INFO: [ view_filter ] --START--
INFO: Run Behavior\WriteHtmlCacheBehavior [ RunTime:0.001000s ]
INFO: [ view_filter ] --END-- [ RunTime:0.001000s ]
INFO: Run Addons\SiteStat\SiteStatAddon [ RunTime:0.201011s ]
SQL: SELECT `config` FROM `a_addons` WHERE `name` = 'SystemInfo' AND `status` = 1 LIMIT 1   [ RunTime:0.0030s ]
INFO: [ view_parse ] --START--
INFO: [ template_filter ] --START--
INFO: Run Behavior\ContentReplaceBehavior [ RunTime:0.000000s ]
INFO: [ template_filter ] --END-- [ RunTime:-0.233014s ]
SQL: select version() as v; [ RunTime:0.0010s ]
INFO: Run Behavior\ParseTemplateBehavior [ RunTime:0.018001s ]
INFO: [ view_parse ] --END-- [ RunTime:-0.016001s ]
INFO: [ view_filter ] --START--
INFO: Run Behavior\WriteHtmlCacheBehavior [ RunTime:0.000000s ]
INFO: [ view_filter ] --END-- [ RunTime:-0.033002s ]
INFO: Run Addons\SystemInfo\SystemInfoAddon [ RunTime:0.034002s ]
SQL: SELECT `config` FROM `a_addons` WHERE `name` = 'DevTeam' AND `status` = 1 LIMIT 1   [ RunTime:0.0020s ]
INFO: [ view_parse ] --START--
INFO: [ template_filter ] --START--
INFO: Run Behavior\ContentReplaceBehavior [ RunTime:0.000000s ]
INFO: [ template_filter ] --END-- [ RunTime:-0.263015s ]
INFO: Run Behavior\ParseTemplateBehavior [ RunTime:0.011001s ]
INFO: [ view_parse ] --END-- [ RunTime:-0.049003s ]
INFO: [ view_filter ] --START--
INFO: Run Behavior\WriteHtmlCacheBehavior [ RunTime:0.000000s ]
INFO: [ view_filter ] --END-- [ RunTime:-0.059004s ]
INFO: Run Addons\DevTeam\DevTeamAddon [ RunTime:0.025002s ]
INFO: [ AdminIndex ] --END-- [ RunTime:0.261015s ]
INFO: Run Behavior\ParseTemplateBehavior [ RunTime:0.012001s ]
INFO: [ view_parse ] --END-- [ RunTime:-0.049003s ]
INFO: [ view_filter ] --START--
INFO: Run Behavior\WriteHtmlCacheBehavior [ RunTime:0.000000s ]
INFO: [ view_filter ] --END-- [ RunTime:-0.060004s ]
INFO: [ app_end ] --START--
INFO: Run Behavior\ShowPageTraceBehavior [ RunTime:0.004000s ]
INFO: [ app_end ] --END-- [ RunTime:0.004000s ]

[ 2018-04-20T22:23:33+08:00 ] ::1 /agri/admin.php?s=/Addons/index.html
INFO: [ app_init ] --START--
INFO: Run Behavior\BuildLiteBehavior [ RunTime:0.000000s ]
INFO: Run Common\Behavior\InitHookBehavior [ RunTime:0.014001s ]
INFO: [ app_init ] --END-- [ RunTime:0.016001s ]
INFO: [ app_begin ] --START--
INFO: Run Behavior\ReadHtmlCacheBehavior [ RunTime:0.004000s ]
INFO: [ app_begin ] --END-- [ RunTime:0.004000s ]
SQL: SHOW COLUMNS FROM `a_addons` [ RunTime:0.0280s ]
SQL: SELECT `title`,`name` FROM `a_addons` WHERE ( status=1 AND has_adminlist=1 )  [ RunTime:0.0020s ]
SQL: SHOW COLUMNS FROM `a_menu` [ RunTime:0.0790s ]
SQL: SELECT `id`,`title`,`url` FROM `a_menu` WHERE `pid` = 0 AND `hide` = 0 ORDER BY sort asc  [ RunTime:0.0020s ]
SQL: SELECT `pid` FROM `a_menu` WHERE ( pid !=0 AND url like '%Addons/index%' ) LIMIT 1   [ RunTime:0.0060s ]
SQL: SELECT * FROM `a_menu` WHERE `id` = 43 LIMIT 1   [ RunTime:0.0020s ]
SQL: SELECT DISTINCT  `group` FROM `a_menu` WHERE `group` <> '' AND `pid` = 43  [ RunTime:0.0030s ]
SQL: SELECT `id`,`url` FROM `a_menu` WHERE `pid` = 43 AND `hide` = 0  [ RunTime:0.0020s ]
SQL: SELECT `id`,`pid`,`title`,`url`,`tip` FROM `a_menu` WHERE `group` = '扩展' AND `pid` = 43 AND `hide` = 0 ORDER BY sort asc  [ RunTime:0.0050s ]
SQL: SELECT `id`,`name`,`title`,`description`,`status`,`config`,`author`,`version`,`create_time`,`has_adminlist` FROM `a_addons` WHERE `name` IN ('Attachment','DevTeam','Editor','EditorForAdmin','SiteStat','SocialComment','SystemInfo')  [ RunTime:0.0010s ]
INFO: [ view_parse ] --START--
INFO: [ template_filter ] --START--
INFO: Run Behavior\ContentReplaceBehavior [ RunTime:0.001000s ]
INFO: [ template_filter ] --END-- [ RunTime:0.001000s ]
SQL: SHOW COLUMNS FROM `a_addons` [ RunTime:0.0160s ]
SQL: SELECT `config` FROM `a_addons` WHERE `name` = 'Attachment' AND `status` = 1 LIMIT 1   [ RunTime:0.0010s ]
SQL: SELECT `config` FROM `a_addons` WHERE `name` = 'SocialComment' AND `status` = 1 LIMIT 1   [ RunTime:0.0010s ]
SQL: SELECT `config` FROM `a_addons` WHERE `name` = 'Editor' AND `status` = 1 LIMIT 1   [ RunTime:0.0010s ]
SQL: SELECT `config` FROM `a_addons` WHERE `name` = 'SystemInfo' AND `status` = 1 LIMIT 1   [ RunTime:0.0010s ]
SQL: SELECT `config` FROM `a_addons` WHERE `name` = 'SiteStat' AND `status` = 1 LIMIT 1   [ RunTime:0.0020s ]
SQL: SELECT `config` FROM `a_addons` WHERE `name` = 'DevTeam' AND `status` = 1 LIMIT 1   [ RunTime:0.0020s ]
SQL: SELECT `config` FROM `a_addons` WHERE `name` = 'EditorForAdmin' AND `status` = 1 LIMIT 1   [ RunTime:0.0010s ]
INFO: Run Behavior\ParseTemplateBehavior [ RunTime:0.165010s ]
INFO: [ view_parse ] --END-- [ RunTime:0.166010s ]
INFO: [ view_filter ] --START--
INFO: Run Behavior\WriteHtmlCacheBehavior [ RunTime:0.004000s ]
INFO: [ view_filter ] --END-- [ RunTime:0.004000s ]
INFO: [ app_end ] --START--
INFO: Run Behavior\ShowPageTraceBehavior [ RunTime:0.004000s ]
INFO: [ app_end ] --END-- [ RunTime:0.004000s ]

[ 2018-04-20T22:23:38+08:00 ] ::1 /agri/admin.php?s=/Addons/disable/id/3.html
INFO: [ app_init ] --START--
INFO: Run Behavior\BuildLiteBehavior [ RunTime:0.000000s ]
INFO: Run Common\Behavior\InitHookBehavior [ RunTime:0.010000s ]
INFO: [ app_init ] --END-- [ RunTime:0.010000s ]
INFO: [ app_begin ] --START--
INFO: Run Behavior\ReadHtmlCacheBehavior [ RunTime:0.000000s ]
INFO: [ app_begin ] --END-- [ RunTime:0.010000s ]
SQL: SHOW COLUMNS FROM `a_addons` [ RunTime:0.0100s ]
SQL: SELECT `title`,`name` FROM `a_addons` WHERE ( status=1 AND has_adminlist=1 )  [ RunTime:0.0000s ]
SQL: SHOW COLUMNS FROM `a_menu` [ RunTime:0.0200s ]
SQL: SELECT `id`,`title`,`url` FROM `a_menu` WHERE `pid` = 0 AND `hide` = 0 ORDER BY sort asc  [ RunTime:0.0000s ]
SQL: SELECT `pid` FROM `a_menu` WHERE ( pid !=0 AND url like '%Addons/disable%' ) LIMIT 1   [ RunTime:0.0000s ]
SQL: SELECT * FROM `a_menu` WHERE `id` = 44 LIMIT 1   [ RunTime:0.0000s ]
SQL: SELECT * FROM `a_menu` WHERE `id` = 43 LIMIT 1   [ RunTime:0.0000s ]
SQL: SELECT DISTINCT  `group` FROM `a_menu` WHERE `group` <> '' AND `pid` = 43  [ RunTime:0.0000s ]
SQL: SELECT `id`,`url` FROM `a_menu` WHERE `pid` = 43 AND `hide` = 0  [ RunTime:0.0000s ]
SQL: SELECT `id`,`pid`,`title`,`url`,`tip` FROM `a_menu` WHERE `group` = '扩展' AND `pid` = 43 AND `hide` = 0 ORDER BY sort asc  [ RunTime:0.0000s ]
SQL: SHOW COLUMNS FROM `a_addons` [ RunTime:0.0100s ]
SQL: UPDATE `a_addons` SET `status`='0' WHERE `id` IN ('3') AND (  id=3 ) [ RunTime:0.0000s ]

[ 2018-04-20T22:23:40+08:00 ] ::1 /agri/admin.php?s=/Addons/index.html
INFO: [ app_init ] --START--
INFO: Run Behavior\BuildLiteBehavior [ RunTime:0.000000s ]
SQL: SHOW COLUMNS FROM `a_hooks` [ RunTime:0.1500s ]
SQL: SELECT `name`,`addons` FROM `a_hooks`  [ RunTime:0.0050s ]
SQL: SHOW COLUMNS FROM `a_addons` [ RunTime:0.0130s ]
SQL: SELECT `id`,`name` FROM `a_addons` WHERE `status` = 1 AND `name` IN ('ReturnTop')  [ RunTime:0.0040s ]
SQL: SELECT `id`,`name` FROM `a_addons` WHERE `status` = 1 AND `name` IN ('Attachment')  [ RunTime:0.0010s ]
SQL: SELECT `id`,`name` FROM `a_addons` WHERE `status` = 1 AND `name` IN ('Attachment','SocialComment')  [ RunTime:0.0010s ]
SQL: SELECT `id`,`name` FROM `a_addons` WHERE `status` = 1 AND `name` IN ('Attachment')  [ RunTime:0.0010s ]
SQL: SELECT `id`,`name` FROM `a_addons` WHERE `status` = 1 AND `name` IN ('Editor')  [ RunTime:0.0010s ]
SQL: SELECT `id`,`name` FROM `a_addons` WHERE `status` = 1 AND `name` IN ('EditorForAdmin')  [ RunTime:0.0020s ]
SQL: SELECT `id`,`name` FROM `a_addons` WHERE `status` = 1 AND `name` IN ('SiteStat','SystemInfo','DevTeam')  [ RunTime:0.0000s ]
SQL: SELECT `id`,`name` FROM `a_addons` WHERE `status` = 1 AND `name` IN ('Editor')  [ RunTime:0.0010s ]
INFO: Run Common\Behavior\InitHookBehavior [ RunTime:0.255014s ]
INFO: [ app_init ] --END-- [ RunTime:0.257014s ]
INFO: [ app_begin ] --START--
INFO: Run Behavior\ReadHtmlCacheBehavior [ RunTime:0.004000s ]
INFO: [ app_begin ] --END-- [ RunTime:0.005000s ]
SQL: SHOW COLUMNS FROM `a_addons` [ RunTime:0.0110s ]
SQL: SELECT `title`,`name` FROM `a_addons` WHERE ( status=1 AND has_adminlist=1 )  [ RunTime:0.0040s ]
SQL: SHOW COLUMNS FROM `a_menu` [ RunTime:0.0130s ]
SQL: SELECT `id`,`title`,`url` FROM `a_menu` WHERE `pid` = 0 AND `hide` = 0 ORDER BY sort asc  [ RunTime:0.0060s ]
SQL: SELECT `pid` FROM `a_menu` WHERE ( pid !=0 AND url like '%Addons/index%' ) LIMIT 1   [ RunTime:0.0030s ]
SQL: SELECT * FROM `a_menu` WHERE `id` = 43 LIMIT 1   [ RunTime:0.0000s ]
SQL: SELECT DISTINCT  `group` FROM `a_menu` WHERE `group` <> '' AND `pid` = 43  [ RunTime:0.0030s ]
SQL: SELECT `id`,`url` FROM `a_menu` WHERE `pid` = 43 AND `hide` = 0  [ RunTime:0.0010s ]
SQL: SELECT `id`,`pid`,`title`,`url`,`tip` FROM `a_menu` WHERE `group` = '扩展' AND `pid` = 43 AND `hide` = 0 ORDER BY sort asc  [ RunTime:0.0010s ]
SQL: SELECT `id`,`name`,`title`,`description`,`status`,`config`,`author`,`version`,`create_time`,`has_adminlist` FROM `a_addons` WHERE `name` IN ('Attachment','DevTeam','Editor','EditorForAdmin','SiteStat','SocialComment','SystemInfo')  [ RunTime:0.0010s ]
INFO: [ view_parse ] --START--
INFO: [ template_filter ] --START--
INFO: Run Behavior\ContentReplaceBehavior [ RunTime:0.000000s ]
INFO: [ template_filter ] --END-- [ RunTime:0.000000s ]
SQL: SELECT `config` FROM `a_addons` WHERE `name` = 'Attachment' AND `status` = 1 LIMIT 1   [ RunTime:0.0020s ]
SQL: SELECT `config` FROM `a_addons` WHERE `name` = 'SocialComment' AND `status` = 1 LIMIT 1   [ RunTime:0.0030s ]
SQL: SELECT `config` FROM `a_addons` WHERE `name` = 'Editor' AND `status` = 1 LIMIT 1   [ RunTime:0.0040s ]
SQL: SELECT `config` FROM `a_addons` WHERE `name` = 'SystemInfo' AND `status` = 1 LIMIT 1   [ RunTime:0.0010s ]
SQL: SELECT `config` FROM `a_addons` WHERE `name` = 'SiteStat' AND `status` = 1 LIMIT 1   [ RunTime:0.0040s ]
SQL: SELECT `config` FROM `a_addons` WHERE `name` = 'DevTeam' AND `status` = 1 LIMIT 1   [ RunTime:0.0040s ]
SQL: SELECT `config` FROM `a_addons` WHERE `name` = 'EditorForAdmin' AND `status` = 1 LIMIT 1   [ RunTime:0.0010s ]
INFO: Run Behavior\ParseTemplateBehavior [ RunTime:0.155009s ]
INFO: [ view_parse ] --END-- [ RunTime:0.155009s ]
INFO: [ view_filter ] --START--
INFO: Run Behavior\WriteHtmlCacheBehavior [ RunTime:0.006001s ]
INFO: [ view_filter ] --END-- [ RunTime:0.006001s ]
INFO: [ app_end ] --START--
INFO: Run Behavior\ShowPageTraceBehavior [ RunTime:0.004000s ]
INFO: [ app_end ] --END-- [ RunTime:0.004000s ]

[ 2018-04-20T22:23:51+08:00 ] ::1 /agri/admin.php?s=/Addons/config/id/5.html
INFO: [ app_init ] --START--
INFO: Run Behavior\BuildLiteBehavior [ RunTime:0.000000s ]
INFO: Run Common\Behavior\InitHookBehavior [ RunTime:0.010001s ]
INFO: [ app_init ] --END-- [ RunTime:0.013001s ]
INFO: [ app_begin ] --START--
INFO: Run Behavior\ReadHtmlCacheBehavior [ RunTime:0.003000s ]
INFO: [ app_begin ] --END-- [ RunTime:0.003000s ]
SQL: SHOW COLUMNS FROM `a_addons` [ RunTime:0.0190s ]
SQL: SELECT `title`,`name` FROM `a_addons` WHERE ( status=1 AND has_adminlist=1 )  [ RunTime:0.0020s ]
SQL: SHOW COLUMNS FROM `a_menu` [ RunTime:0.0180s ]
SQL: SELECT `id`,`title`,`url` FROM `a_menu` WHERE `pid` = 0 AND `hide` = 0 ORDER BY sort asc  [ RunTime:0.0020s ]
SQL: SELECT `pid` FROM `a_menu` WHERE ( pid !=0 AND url like '%Addons/config%' ) LIMIT 1   [ RunTime:0.0040s ]
SQL: SELECT * FROM `a_menu` WHERE `id` = 44 LIMIT 1   [ RunTime:0.0020s ]
SQL: SELECT * FROM `a_menu` WHERE `id` = 43 LIMIT 1   [ RunTime:0.0040s ]
SQL: SELECT DISTINCT  `group` FROM `a_menu` WHERE `group` <> '' AND `pid` = 43  [ RunTime:0.0040s ]
SQL: SELECT `id`,`url` FROM `a_menu` WHERE `pid` = 43 AND `hide` = 0  [ RunTime:0.0020s ]
SQL: SELECT `id`,`pid`,`title`,`url`,`tip` FROM `a_menu` WHERE `group` = '扩展' AND `pid` = 43 AND `hide` = 0 ORDER BY sort asc  [ RunTime:0.0020s ]
SQL: SHOW COLUMNS FROM `a_addons` [ RunTime:0.0130s ]
SQL: SELECT * FROM `a_addons` WHERE `id` = 5 LIMIT 1   [ RunTime:0.0070s ]
INFO: [ view_parse ] --START--
INFO: [ template_filter ] --START--
INFO: Run Behavior\ContentReplaceBehavior [ RunTime:0.001000s ]
INFO: [ template_filter ] --END-- [ RunTime:0.001000s ]
INFO: Run Behavior\ParseTemplateBehavior [ RunTime:0.160009s ]
INFO: [ view_parse ] --END-- [ RunTime:0.160009s ]
INFO: [ view_filter ] --START--
INFO: Run Behavior\WriteHtmlCacheBehavior [ RunTime:0.004000s ]
INFO: [ view_filter ] --END-- [ RunTime:0.004000s ]
INFO: [ app_end ] --START--
INFO: Run Behavior\ShowPageTraceBehavior [ RunTime:0.006001s ]
INFO: [ app_end ] --END-- [ RunTime:0.007001s ]

[ 2018-04-20T22:24:06+08:00 ] ::1 /agri/admin.php?s=/Addons/saveConfig.html
INFO: [ app_init ] --START--
INFO: Run Behavior\BuildLiteBehavior [ RunTime:0.000000s ]
INFO: Run Common\Behavior\InitHookBehavior [ RunTime:0.010000s ]
INFO: [ app_init ] --END-- [ RunTime:0.010000s ]
INFO: [ app_begin ] --START--
INFO: Run Behavior\ReadHtmlCacheBehavior [ RunTime:0.000000s ]
INFO: [ app_begin ] --END-- [ RunTime:0.000000s ]
SQL: SHOW COLUMNS FROM `a_addons` [ RunTime:0.0200s ]
SQL: SELECT `title`,`name` FROM `a_addons` WHERE ( status=1 AND has_adminlist=1 )  [ RunTime:0.0000s ]
SQL: SHOW COLUMNS FROM `a_menu` [ RunTime:0.0300s ]
SQL: SELECT `id`,`title`,`url` FROM `a_menu` WHERE `pid` = 0 AND `hide` = 0 ORDER BY sort asc  [ RunTime:0.0000s ]
SQL: SELECT `pid` FROM `a_menu` WHERE ( pid !=0 AND url like '%Addons/saveConfig%' ) LIMIT 1   [ RunTime:0.0100s ]
SQL: SELECT * FROM `a_menu` WHERE `id` = 44 LIMIT 1   [ RunTime:0.0000s ]
SQL: SELECT * FROM `a_menu` WHERE `id` = 43 LIMIT 1   [ RunTime:0.0000s ]
SQL: SELECT DISTINCT  `group` FROM `a_menu` WHERE `group` <> '' AND `pid` = 43  [ RunTime:0.0100s ]
SQL: SELECT `id`,`url` FROM `a_menu` WHERE `pid` = 43 AND `hide` = 0  [ RunTime:0.0000s ]
SQL: SELECT `id`,`pid`,`title`,`url`,`tip` FROM `a_menu` WHERE `group` = '扩展' AND `pid` = 43 AND `hide` = 0 ORDER BY sort asc  [ RunTime:0.0000s ]
SQL: SHOW COLUMNS FROM `a_addons` [ RunTime:0.0200s ]
SQL: UPDATE `a_addons` SET `config`='{\"editor_type\":\"2\",\"editor_wysiwyg\":\"2\",\"editor_height\":\"300px\",\"editor_resize_type\":\"1\"}' WHERE ( id=5 ) [ RunTime:0.0000s ]

[ 2018-04-20T22:24:08+08:00 ] ::1 /agri/admin.php?s=/Addons/index.html
INFO: [ app_init ] --START--
INFO: Run Behavior\BuildLiteBehavior [ RunTime:0.000000s ]
INFO: Run Common\Behavior\InitHookBehavior [ RunTime:0.012001s ]
INFO: [ app_init ] --END-- [ RunTime:0.014001s ]
INFO: [ app_begin ] --START--
INFO: Run Behavior\ReadHtmlCacheBehavior [ RunTime:0.003000s ]
INFO: [ app_begin ] --END-- [ RunTime:0.007000s ]
SQL: SHOW COLUMNS FROM `a_addons` [ RunTime:0.0200s ]
SQL: SELECT `title`,`name` FROM `a_addons` WHERE ( status=1 AND has_adminlist=1 )  [ RunTime:0.0010s ]
SQL: SHOW COLUMNS FROM `a_menu` [ RunTime:0.0140s ]
SQL: SELECT `id`,`title`,`url` FROM `a_menu` WHERE `pid` = 0 AND `hide` = 0 ORDER BY sort asc  [ RunTime:0.0070s ]
SQL: SELECT `pid` FROM `a_menu` WHERE ( pid !=0 AND url like '%Addons/index%' ) LIMIT 1   [ RunTime:0.0030s ]
SQL: SELECT * FROM `a_menu` WHERE `id` = 43 LIMIT 1   [ RunTime:0.0020s ]
SQL: SELECT DISTINCT  `group` FROM `a_menu` WHERE `group` <> '' AND `pid` = 43  [ RunTime:0.0030s ]
SQL: SELECT `id`,`url` FROM `a_menu` WHERE `pid` = 43 AND `hide` = 0  [ RunTime:0.0010s ]
SQL: SELECT `id`,`pid`,`title`,`url`,`tip` FROM `a_menu` WHERE `group` = '扩展' AND `pid` = 43 AND `hide` = 0 ORDER BY sort asc  [ RunTime:0.0020s ]
SQL: SELECT `id`,`name`,`title`,`description`,`status`,`config`,`author`,`version`,`create_time`,`has_adminlist` FROM `a_addons` WHERE `name` IN ('Attachment','DevTeam','Editor','EditorForAdmin','SiteStat','SocialComment','SystemInfo')  [ RunTime:0.0020s ]
INFO: [ view_parse ] --START--
INFO: [ template_filter ] --START--
INFO: Run Behavior\ContentReplaceBehavior [ RunTime:0.001000s ]
INFO: [ template_filter ] --END-- [ RunTime:0.001000s ]
SQL: SHOW COLUMNS FROM `a_addons` [ RunTime:0.0160s ]
SQL: SELECT `config` FROM `a_addons` WHERE `name` = 'Attachment' AND `status` = 1 LIMIT 1   [ RunTime:0.0070s ]
SQL: SELECT `config` FROM `a_addons` WHERE `name` = 'SocialComment' AND `status` = 1 LIMIT 1   [ RunTime:0.0020s ]
SQL: SELECT `config` FROM `a_addons` WHERE `name` = 'Editor' AND `status` = 1 LIMIT 1   [ RunTime:0.0040s ]
SQL: SELECT `config` FROM `a_addons` WHERE `name` = 'SystemInfo' AND `status` = 1 LIMIT 1   [ RunTime:0.0020s ]
SQL: SELECT `config` FROM `a_addons` WHERE `name` = 'SiteStat' AND `status` = 1 LIMIT 1   [ RunTime:0.0010s ]
SQL: SELECT `config` FROM `a_addons` WHERE `name` = 'DevTeam' AND `status` = 1 LIMIT 1   [ RunTime:0.0020s ]
SQL: SELECT `config` FROM `a_addons` WHERE `name` = 'EditorForAdmin' AND `status` = 1 LIMIT 1   [ RunTime:0.0020s ]
INFO: Run Behavior\ParseTemplateBehavior [ RunTime:0.183011s ]
INFO: [ view_parse ] --END-- [ RunTime:0.183011s ]
INFO: [ view_filter ] --START--
INFO: Run Behavior\WriteHtmlCacheBehavior [ RunTime:0.003000s ]
INFO: [ view_filter ] --END-- [ RunTime:0.004000s ]
INFO: [ app_end ] --START--
INFO: Run Behavior\ShowPageTraceBehavior [ RunTime:0.007000s ]
INFO: [ app_end ] --END-- [ RunTime:0.007000s ]

[ 2018-04-20T22:24:12+08:00 ] ::1 /agri/admin.php?s=/Article/index.html
INFO: [ app_init ] --START--
INFO: Run Behavior\BuildLiteBehavior [ RunTime:0.000000s ]
INFO: Run Common\Behavior\InitHookBehavior [ RunTime:0.010001s ]
INFO: [ app_init ] --END-- [ RunTime:0.012001s ]
INFO: [ app_begin ] --START--
INFO: Run Behavior\ReadHtmlCacheBehavior [ RunTime:0.003000s ]
INFO: [ app_begin ] --END-- [ RunTime:0.003000s ]
SQL: SHOW COLUMNS FROM `a_menu` [ RunTime:0.0130s ]
SQL: SELECT `id`,`title`,`url` FROM `a_menu` WHERE `pid` = 0 AND `hide` = 0 ORDER BY sort asc  [ RunTime:0.0070s ]
SQL: SELECT `pid` FROM `a_menu` WHERE ( pid !=0 AND url like '%Article/index%' ) LIMIT 1   [ RunTime:0.0010s ]
SQL: SELECT * FROM `a_menu` WHERE `id` = 2 LIMIT 1   [ RunTime:0.0010s ]
SQL: SELECT DISTINCT  `group` FROM `a_menu` WHERE `group` <> '' AND `pid` = 2  [ RunTime:0.0030s ]
SQL: SELECT `id`,`url` FROM `a_menu` WHERE `pid` = 2 AND `hide` = 0  [ RunTime:0.0020s ]
SQL: SELECT `id`,`pid`,`title`,`url`,`tip` FROM `a_menu` WHERE `group` = '内容' AND `pid` = 2 AND `hide` = 0 ORDER BY sort asc  [ RunTime:0.0020s ]
SQL: SHOW COLUMNS FROM `a_auth_group_access` [ RunTime:0.0820s ]
SQL: SELECT `extend_id` FROM a_auth_group_access g INNER JOIN a_auth_extend c on g.group_id=c.group_id  WHERE ( g.uid='1' and c.type='1' and !isnull(extend_id) )  [ RunTime:0.0650s ]
SQL: SHOW COLUMNS FROM `a_category` [ RunTime:0.0220s ]
SQL: SELECT `id`,`title`,`pid`,`allow_publish` FROM `a_category` WHERE `status` = 1 ORDER BY pid,sort  [ RunTime:0.0010s ]
SQL: SHOW COLUMNS FROM `a_model` [ RunTime:0.0150s ]
SQL: SELECT * FROM `a_model` WHERE `name` = 'document' LIMIT 1   [ RunTime:0.0070s ]
SQL: SHOW COLUMNS FROM `a_document` [ RunTime:0.0230s ]
SQL: SELECT COUNT(*) AS tp_count FROM a_document DOCUMENT WHERE `status` IN ('0','1','2') AND `pid` = 0 LIMIT 1   [ RunTime:0.0020s ]
SQL: SELECT `id`,`title`,`type`,`update_time`,`status`,`view`,`category_id`,`model_id`,`pid` FROM a_document DOCUMENT WHERE `status` IN ('0','1','2') AND `pid` = 0 ORDER BY level DESC,DOCUMENT.id DESC LIMIT 0,10   [ RunTime:0.0020s ]
SQL: SELECT `extend` FROM `a_model` WHERE `id` = 1 LIMIT 1   [ RunTime:0.0020s ]
SQL: SHOW COLUMNS FROM `a_attribute` [ RunTime:0.0690s ]
SQL: SELECT `id`,`name`,`type`,`extra` FROM `a_attribute` WHERE `model_id` = 1  [ RunTime:0.0120s ]
NOTIC: [8] Undefined variable: groups E:\web\Apache24\htdocs\agri\Application\Admin\Controller\ArticleController.class.php 第 231 行.
INFO: [ view_parse ] --START--
INFO: [ template_filter ] --START--
INFO: Run Behavior\ContentReplaceBehavior [ RunTime:0.001000s ]
INFO: [ template_filter ] --END-- [ RunTime:0.002000s ]
INFO: Run Behavior\ParseTemplateBehavior [ RunTime:0.159009s ]
INFO: [ view_parse ] --END-- [ RunTime:0.159009s ]
INFO: [ view_filter ] --START--
INFO: Run Behavior\WriteHtmlCacheBehavior [ RunTime:0.004000s ]
INFO: [ view_filter ] --END-- [ RunTime:0.004000s ]
INFO: [ app_end ] --START--
INFO: Run Behavior\ShowPageTraceBehavior [ RunTime:0.006000s ]
INFO: [ app_end ] --END-- [ RunTime:0.008000s ]

[ 2018-04-20T22:24:14+08:00 ] ::1 /agri/admin.php?s=/Article/edit/id/1/model/1/cate_id/2.html
INFO: [ app_init ] --START--
INFO: Run Behavior\BuildLiteBehavior [ RunTime:0.000000s ]
INFO: Run Common\Behavior\InitHookBehavior [ RunTime:0.018001s ]
INFO: [ app_init ] --END-- [ RunTime:0.020001s ]
INFO: [ app_begin ] --START--
INFO: Run Behavior\ReadHtmlCacheBehavior [ RunTime:0.004001s ]
INFO: [ app_begin ] --END-- [ RunTime:0.004001s ]
SQL: SHOW COLUMNS FROM `a_menu` [ RunTime:0.0120s ]
SQL: SELECT `id`,`title`,`url` FROM `a_menu` WHERE `pid` = 0 AND `hide` = 0 ORDER BY sort asc  [ RunTime:0.0050s ]
SQL: SELECT `pid` FROM `a_menu` WHERE ( pid !=0 AND url like '%Article/edit%' ) LIMIT 1   [ RunTime:0.0020s ]
SQL: SELECT * FROM `a_menu` WHERE `id` = 3 LIMIT 1   [ RunTime:0.0010s ]
SQL: SELECT * FROM `a_menu` WHERE `id` = 2 LIMIT 1   [ RunTime:0.0010s ]
SQL: SELECT DISTINCT  `group` FROM `a_menu` WHERE `group` <> '' AND `pid` = 2  [ RunTime:0.0020s ]
SQL: SELECT `id`,`url` FROM `a_menu` WHERE `pid` = 2 AND `hide` = 0  [ RunTime:0.0010s ]
SQL: SELECT `id`,`pid`,`title`,`url`,`tip` FROM `a_menu` WHERE `group` = '内容' AND `pid` = 2 AND `hide` = 0 ORDER BY sort asc  [ RunTime:0.0020s ]
SQL: SHOW COLUMNS FROM `a_auth_group_access` [ RunTime:0.0120s ]
SQL: SELECT `extend_id` FROM a_auth_group_access g INNER JOIN a_auth_extend c on g.group_id=c.group_id  WHERE ( g.uid='1' and c.type='1' and !isnull(extend_id) )  [ RunTime:0.0050s ]
SQL: SHOW COLUMNS FROM `a_category` [ RunTime:0.0150s ]
SQL: SELECT `id`,`title`,`pid`,`allow_publish` FROM `a_category` WHERE `status` = 1 ORDER BY pid,sort  [ RunTime:0.0030s ]
SQL: SELECT `id`,`title`,`pid` FROM `a_category` WHERE `status` = 1 ORDER BY sort  [ RunTime:0.0010s ]
SQL: SHOW COLUMNS FROM `a_document` [ RunTime:0.0160s ]
SQL: SELECT `id`,`uid`,`name`,`title`,`category_id`,`group_id`,`description`,`root`,`pid`,`model_id`,`type`,`position`,`link_id`,`cover_id`,`display`,`deadline`,`attach`,`view`,`comment`,`extend`,`level`,`create_time`,`update_time`,`status` FROM `a_document` WHERE `id` = 1 LIMIT 1   [ RunTime:0.0020s ]
SQL: SHOW COLUMNS FROM `a_model` [ RunTime:0.0130s ]
SQL: SELECT `id`,`name`,`title`,`extend`,`relation`,`need_pk`,`field_sort`,`field_group`,`attribute_list`,`attribute_alias`,`template_list`,`template_add`,`template_edit`,`list_grid`,`list_row`,`search_key`,`search_list`,`create_time`,`update_time`,`status`,`engine_type` FROM `a_model` WHERE `status` = 1 AND `extend` = 1  [ RunTime:0.0040s ]
SQL: SHOW COLUMNS FROM `a_document_article` [ RunTime:0.1030s ]
SQL: SELECT `id`,`parse`,`content`,`template`,`bookmark` FROM `a_document_article` WHERE `id` = 1 LIMIT 1   [ RunTime:0.0090s ]
SQL: SELECT `extend` FROM `a_model` WHERE `id` = 2 LIMIT 1   [ RunTime:0.0010s ]
SQL: SHOW COLUMNS FROM `a_attribute` [ RunTime:0.0180s ]
SQL: SELECT `id`,`name`,`title`,`field`,`type`,`value`,`remark`,`is_show`,`extra`,`model_id`,`is_must`,`status`,`update_time`,`create_time`,`validate_rule`,`validate_time`,`error_info`,`validate_type`,`auto_rule`,`auto_time`,`auto_type` FROM `a_attribute` WHERE `model_id` IN ('2','1')  [ RunTime:0.0080s ]
SQL: SELECT `field_sort`,`attribute_list`,`attribute_alias` FROM `a_model` WHERE `id` = 2 LIMIT 1   [ RunTime:0.0010s ]
SQL: SELECT `type` FROM `a_category` WHERE `id` = 2 LIMIT 1   [ RunTime:0.0020s ]
INFO: [ view_parse ] --START--
INFO: [ template_filter ] --START--
INFO: Run Behavior\ContentReplaceBehavior [ RunTime:0.002000s ]
INFO: [ template_filter ] --END-- [ RunTime:0.003000s ]
INFO: [ adminArticleEdit ] --START--
SQL: SHOW COLUMNS FROM `a_addons` [ RunTime:0.0210s ]
SQL: SELECT `config` FROM `a_addons` WHERE `name` = 'EditorForAdmin' AND `status` = 1 LIMIT 1   [ RunTime:0.0020s ]
INFO: [ view_parse ] --START--
INFO: [ template_filter ] --START--
INFO: Run Behavior\ContentReplaceBehavior [ RunTime:0.000000s ]
INFO: [ template_filter ] --END-- [ RunTime:-0.107006s ]
INFO: Run Behavior\ParseTemplateBehavior [ RunTime:0.026001s ]
INFO: [ view_parse ] --END-- [ RunTime:0.026001s ]
INFO: [ view_filter ] --START--
INFO: Run Behavior\WriteHtmlCacheBehavior [ RunTime:0.005000s ]
INFO: [ view_filter ] --END-- [ RunTime:0.005000s ]
INFO: Run Addons\EditorForAdmin\EditorForAdminAddon [ RunTime:0.075004s ]
INFO: [ adminArticleEdit ] --END-- [ RunTime:0.075004s ]
INFO: Run Behavior\ParseTemplateBehavior [ RunTime:0.032002s ]
INFO: [ view_parse ] --END-- [ RunTime:0.026001s ]
INFO: [ view_filter ] --START--
INFO: Run Behavior\WriteHtmlCacheBehavior [ RunTime:0.000000s ]
INFO: [ view_filter ] --END-- [ RunTime:-0.001001s ]
INFO: [ app_end ] --START--
INFO: Run Behavior\ShowPageTraceBehavior [ RunTime:0.006000s ]
INFO: [ app_end ] --END-- [ RunTime:0.007000s ]

[ 2018-04-20T22:24:31+08:00 ] ::1 /agri/admin.php?s=/Article/edit/id/1/model/1/cate_id/2.html
INFO: [ app_init ] --START--
INFO: Run Behavior\BuildLiteBehavior [ RunTime:0.000000s ]
INFO: Run Common\Behavior\InitHookBehavior [ RunTime:0.024001s ]
INFO: [ app_init ] --END-- [ RunTime:0.027001s ]
INFO: [ app_begin ] --START--
INFO: Run Behavior\ReadHtmlCacheBehavior [ RunTime:0.002001s ]
INFO: [ app_begin ] --END-- [ RunTime:0.002001s ]
SQL: SHOW COLUMNS FROM `a_menu` [ RunTime:0.0210s ]
SQL: SELECT `id`,`title`,`url` FROM `a_menu` WHERE `pid` = 0 AND `hide` = 0 ORDER BY sort asc  [ RunTime:0.0010s ]
SQL: SELECT `pid` FROM `a_menu` WHERE ( pid !=0 AND url like '%Article/edit%' ) LIMIT 1   [ RunTime:0.0020s ]
SQL: SELECT * FROM `a_menu` WHERE `id` = 3 LIMIT 1   [ RunTime:0.0040s ]
SQL: SELECT * FROM `a_menu` WHERE `id` = 2 LIMIT 1   [ RunTime:0.0020s ]
SQL: SELECT DISTINCT  `group` FROM `a_menu` WHERE `group` <> '' AND `pid` = 2  [ RunTime:0.0030s ]
SQL: SELECT `id`,`url` FROM `a_menu` WHERE `pid` = 2 AND `hide` = 0  [ RunTime:0.0010s ]
SQL: SELECT `id`,`pid`,`title`,`url`,`tip` FROM `a_menu` WHERE `group` = '内容' AND `pid` = 2 AND `hide` = 0 ORDER BY sort asc  [ RunTime:0.0010s ]
SQL: SHOW COLUMNS FROM `a_auth_group_access` [ RunTime:0.0160s ]
SQL: SELECT `extend_id` FROM a_auth_group_access g INNER JOIN a_auth_extend c on g.group_id=c.group_id  WHERE ( g.uid='1' and c.type='1' and !isnull(extend_id) )  [ RunTime:0.0040s ]
SQL: SHOW COLUMNS FROM `a_category` [ RunTime:0.0190s ]
SQL: SELECT `id`,`title`,`pid`,`allow_publish` FROM `a_category` WHERE `status` = 1 ORDER BY pid,sort  [ RunTime:0.0030s ]
SQL: SELECT `id`,`title`,`pid` FROM `a_category` WHERE `status` = 1 ORDER BY sort  [ RunTime:0.0030s ]
SQL: SHOW COLUMNS FROM `a_document` [ RunTime:0.0160s ]
SQL: SELECT `id`,`uid`,`name`,`title`,`category_id`,`group_id`,`description`,`root`,`pid`,`model_id`,`type`,`position`,`link_id`,`cover_id`,`display`,`deadline`,`attach`,`view`,`comment`,`extend`,`level`,`create_time`,`update_time`,`status` FROM `a_document` WHERE `id` = 1 LIMIT 1   [ RunTime:0.0040s ]
SQL: SHOW COLUMNS FROM `a_document_article` [ RunTime:0.0240s ]
SQL: SELECT `id`,`parse`,`content`,`template`,`bookmark` FROM `a_document_article` WHERE `id` = 1 LIMIT 1   [ RunTime:0.0010s ]
SQL: SHOW COLUMNS FROM `a_model` [ RunTime:0.0210s ]
SQL: SELECT `extend` FROM `a_model` WHERE `id` = 2 LIMIT 1   [ RunTime:0.0020s ]
SQL: SHOW COLUMNS FROM `a_attribute` [ RunTime:0.0150s ]
SQL: SELECT `id`,`name`,`title`,`field`,`type`,`value`,`remark`,`is_show`,`extra`,`model_id`,`is_must`,`status`,`update_time`,`create_time`,`validate_rule`,`validate_time`,`error_info`,`validate_type`,`auto_rule`,`auto_time`,`auto_type` FROM `a_attribute` WHERE `model_id` IN ('2','1')  [ RunTime:0.0100s ]
SQL: SELECT `field_sort`,`attribute_list`,`attribute_alias` FROM `a_model` WHERE `id` = 2 LIMIT 1   [ RunTime:0.0020s ]
SQL: SELECT `type` FROM `a_category` WHERE `id` = 2 LIMIT 1   [ RunTime:0.0020s ]
INFO: [ view_parse ] --START--
INFO: [ template_filter ] --START--
INFO: Run Behavior\ContentReplaceBehavior [ RunTime:0.002000s ]
INFO: [ template_filter ] --END-- [ RunTime:0.002000s ]
INFO: [ adminArticleEdit ] --START--
SQL: SHOW COLUMNS FROM `a_addons` [ RunTime:0.0130s ]
SQL: SELECT `config` FROM `a_addons` WHERE `name` = 'EditorForAdmin' AND `status` = 1 LIMIT 1   [ RunTime:0.0040s ]
INFO: [ view_parse ] --START--
INFO: [ template_filter ] --START--
INFO: Run Behavior\ContentReplaceBehavior [ RunTime:0.000000s ]
INFO: [ template_filter ] --END-- [ RunTime:-0.084005s ]
INFO: Run Behavior\ParseTemplateBehavior [ RunTime:0.018001s ]
INFO: [ view_parse ] --END-- [ RunTime:0.018001s ]
INFO: [ view_filter ] --START--
INFO: Run Behavior\WriteHtmlCacheBehavior [ RunTime:0.001000s ]
INFO: [ view_filter ] --END-- [ RunTime:0.001000s ]
INFO: Run Addons\EditorForAdmin\EditorForAdminAddon [ RunTime:0.058003s ]
INFO: [ adminArticleEdit ] --END-- [ RunTime:0.058003s ]
INFO: Run Behavior\ParseTemplateBehavior [ RunTime:0.021001s ]
INFO: [ view_parse ] --END-- [ RunTime:0.018001s ]
INFO: [ view_filter ] --START--
INFO: Run Behavior\WriteHtmlCacheBehavior [ RunTime:0.000000s ]
INFO: [ view_filter ] --END-- [ RunTime:-0.002000s ]
INFO: [ app_end ] --START--
INFO: Run Behavior\ShowPageTraceBehavior [ RunTime:0.004001s ]
INFO: [ app_end ] --END-- [ RunTime:0.004001s ]

[ 2018-04-20T22:24:48+08:00 ] ::1 /agri/admin.php?s=/Addons/execute/_addons/EditorForAdmin/_controller/Upload/_action/ke_upimg.html&dir=image
INFO: [ app_init ] --START--
INFO: Run Behavior\BuildLiteBehavior [ RunTime:0.000000s ]
INFO: Run Common\Behavior\InitHookBehavior [ RunTime:0.014001s ]
INFO: [ app_init ] --END-- [ RunTime:0.016001s ]
INFO: [ app_begin ] --START--
INFO: Run Behavior\ReadHtmlCacheBehavior [ RunTime:0.004000s ]
INFO: [ app_begin ] --END-- [ RunTime:0.004000s ]
SQL: SHOW COLUMNS FROM `a_addons` [ RunTime:0.0140s ]
SQL: SELECT `title`,`name` FROM `a_addons` WHERE ( status=1 AND has_adminlist=1 )  [ RunTime:0.0060s ]
SQL: SHOW COLUMNS FROM `a_menu` [ RunTime:0.0140s ]
SQL: SELECT `id`,`title`,`url` FROM `a_menu` WHERE `pid` = 0 AND `hide` = 0 ORDER BY sort asc  [ RunTime:0.0050s ]
SQL: SELECT `pid` FROM `a_menu` WHERE ( pid !=0 AND url like '%Addons/execute%' ) LIMIT 1   [ RunTime:0.0040s ]
SQL: SELECT * FROM `a_menu` WHERE `id` = 44 LIMIT 1   [ RunTime:0.0020s ]
SQL: SELECT * FROM `a_menu` WHERE `id` = 43 LIMIT 1   [ RunTime:0.0010s ]
SQL: SELECT DISTINCT  `group` FROM `a_menu` WHERE `group` <> '' AND `pid` = 43  [ RunTime:0.0060s ]
SQL: SELECT `id`,`url` FROM `a_menu` WHERE `pid` = 43 AND `hide` = 0  [ RunTime:0.0020s ]
SQL: SELECT `id`,`pid`,`title`,`url`,`tip` FROM `a_menu` WHERE `group` = '扩展' AND `pid` = 43 AND `hide` = 0 ORDER BY sort asc  [ RunTime:0.0020s ]
NOTIC: [2] call_user_func() expects parameter 1 to be a valid callback, no array or string given E:\web\Apache24\htdocs\agri\ThinkPHP\Library\Think\Upload.class.php 第 170 行.

[ 2018-04-20T23:02:35+08:00 ] ::1 /agri/admin.php?s=/Public/logout.html
INFO: [ app_init ] --START--
INFO: Run Behavior\BuildLiteBehavior [ RunTime:0.001000s ]
INFO: Run Common\Behavior\InitHookBehavior [ RunTime:0.020001s ]
INFO: [ app_init ] --END-- [ RunTime:0.023001s ]
INFO: [ app_begin ] --START--
INFO: Run Behavior\ReadHtmlCacheBehavior [ RunTime:0.004000s ]
INFO: [ app_begin ] --END-- [ RunTime:0.004000s ]
SQL: SHOW COLUMNS FROM `a_member` [ RunTime:0.0170s ]
INFO: [ view_parse ] --START--
INFO: [ template_filter ] --START--
INFO: Run Behavior\ContentReplaceBehavior [ RunTime:0.000000s ]
INFO: [ template_filter ] --END-- [ RunTime:0.001000s ]
INFO: Run Behavior\ParseTemplateBehavior [ RunTime:0.035002s ]
INFO: [ view_parse ] --END-- [ RunTime:0.035002s ]
INFO: [ view_filter ] --START--
INFO: Run Behavior\WriteHtmlCacheBehavior [ RunTime:0.005000s ]
INFO: [ view_filter ] --END-- [ RunTime:0.005000s ]
INFO: [ app_end ] --START--
INFO: Run Behavior\ShowPageTraceBehavior [ RunTime:0.005001s ]
INFO: [ app_end ] --END-- [ RunTime:0.005001s ]

[ 2018-04-20T23:02:36+08:00 ] ::1 /agri/admin.php?s=/Public/login.html
INFO: [ app_init ] --START--
INFO: Run Behavior\BuildLiteBehavior [ RunTime:0.000000s ]
INFO: Run Common\Behavior\InitHookBehavior [ RunTime:0.016001s ]
INFO: [ app_init ] --END-- [ RunTime:0.019001s ]
INFO: [ app_begin ] --START--
INFO: Run Behavior\ReadHtmlCacheBehavior [ RunTime:0.005000s ]
INFO: [ app_begin ] --END-- [ RunTime:0.007000s ]
INFO: [ view_parse ] --START--
INFO: [ template_filter ] --START--
INFO: Run Behavior\ContentReplaceBehavior [ RunTime:0.000000s ]
INFO: [ template_filter ] --END-- [ RunTime:0.001000s ]
INFO: Run Behavior\ParseTemplateBehavior [ RunTime:0.037002s ]
INFO: [ view_parse ] --END-- [ RunTime:0.037002s ]
INFO: [ view_filter ] --START--
INFO: Run Behavior\WriteHtmlCacheBehavior [ RunTime:0.004001s ]
INFO: [ view_filter ] --END-- [ RunTime:0.004001s ]
INFO: [ app_end ] --START--
INFO: Run Behavior\ShowPageTraceBehavior [ RunTime:0.005000s ]
INFO: [ app_end ] --END-- [ RunTime:0.005000s ]

[ 2018-04-20T23:02:36+08:00 ] ::1 /agri/admin.php?s=/Public/verify.html
INFO: [ app_init ] --START--
INFO: Run Behavior\BuildLiteBehavior [ RunTime:0.000000s ]
INFO: Run Common\Behavior\InitHookBehavior [ RunTime:0.018001s ]
INFO: [ app_init ] --END-- [ RunTime:0.020001s ]
INFO: [ app_begin ] --START--
INFO: Run Behavior\ReadHtmlCacheBehavior [ RunTime:0.004000s ]
INFO: [ app_begin ] --END-- [ RunTime:0.004000s ]
INFO: [ app_end ] --START--
INFO: Run Behavior\ShowPageTraceBehavior [ RunTime:0.004000s ]
INFO: [ app_end ] --END-- [ RunTime:0.005000s ]

